<?xml version="1.0" encoding="UTF-8"?>
<!-- Generated by org.testng.reporters.JUnitReportReporter -->
<testsuite hostname="LAPTOP-NO0KCPB3" failures="0" tests="1" name="testCases.QALegendTestCases" time="15.241" errors="0" timestamp="2024-02-12T17:12:10 IST" skipped="0">
  <testcase classname="testCases.QALegendTestCases" name="addInvoice" time="15.241"/>
  <system-out/>
</testsuite> <!-- testCases.QALegendTestCases -->
