<?xml version="1.0" encoding="UTF-8"?>
<!-- Generated by org.testng.reporters.JUnitReportReporter -->
<testsuite hostname="LAPTOP-NO0KCPB3" failures="0" tests="1" name="testCases.QALegendTestCases" time="10.620" errors="1" timestamp="2024-02-08T21:14:32 IST" skipped="0">
  <testcase classname="testCases.QALegendTestCases" name="messageInCRM" time="10.620">
    <error type="java.lang.StackOverflowError">
      <![CDATA[java.lang.StackOverflowError
at pageClasses.QALegendMessagePage.clickOnSentItems(QALegendMessagePage.java:92)
at pageClasses.QALegendMessagePage.clickOnSentItems(QALegendMessagePage.java:92)
at pageClasses.QALegendMessagePage.clickOnSentItems(QALegendMessagePage.java:92)
at pageClasses.QALegendMessagePage.clickOnSentItems(QALegendMessagePage.java:92)
at pageClasses.QALegendMessagePage.clickOnSentItems(QALegendMessagePage.java:92)
at pageClasses.QALegendMessagePage.clickOnSentItems(QALegendMessagePage.java:92)
at pageClasses.QALegendMessagePage.clickOnSentItems(QALegendMessagePage.java:92)
at pageClasses.QALegendMessagePage.clickOnSentItems(QALegendMessagePage.java:92)
at pageClasses.QALegendMessagePage.clickOnSentItems(QALegendMessagePage.java:92)
at pageClasses.QALegendMessagePage.clickOnSentItems(QALegendMessagePage.java:92)
at pageClasses.QALegendMessagePage.clickOnSentItems(QALegendMessagePage.java:92)
at pageClasses.QALegendMessagePage.clickOnSentItems(QALegendMessagePage.java:92)
at pageClasses.QALegendMessagePage.clickOnSentItems(QALegendMessagePage.java:92)
at pageClasses.QALegendMessagePage.clickOnSentItems(QALegendMessagePage.java:92)
at pageClasses.QALegendMessagePage.clickOnSentItems(QALegendMessagePage.java:92)
at pageClasses.QALegendMessagePage.clickOnSentItems(QALegendMessagePage.java:92)
at pageClasses.QALegendMessagePage.clickOnSentItems(QALegendMessagePage.java:92)
at pageClasses.QALegendMessagePage.clickOnSentItems(QALegendMessagePage.java:92)
at pageClasses.QALegendMessagePage.clickOnSentItems(QALegendMessagePage.java:92)
at pageClasses.QALegendMessagePage.clickOnSentItems(QALegendMessagePage.java:92)
at pageClasses.QALegendMessagePage.clickOnSentItems(QALegendMessagePage.java:92)
at pageClasses.QALegendMessagePage.clickOnSentItems(QALegendMessagePage.java:92)
at pageClasses.QALegendMessagePage.clickOnSentItems(QALegendMessagePage.java:92)
at pageClasses.QALegendMessagePage.clickOnSentItems(QALegendMessagePage.java:92)
at pageClasses.QALegendMessagePage.clickOnSentItems(QALegendMessagePage.java:92)
at pageClasses.QALegendMessagePage.clickOnSentItems(QALegendMessagePage.java:92)
at pageClasses.QALegendMessagePage.clickOnSentItems(QALegendMessagePage.java:92)
at pageClasses.QALegendMessagePage.clickOnSentItems(QALegendMessagePage.java:92)
at pageClasses.QALegendMessagePage.clickOnSentItems(QALegendMessagePage.java:92)
at pageClasses.QALegendMessagePage.clickOnSentItems(QALegendMessagePage.java:92)
at pageClasses.QALegendMessagePage.clickOnSentItems(QALegendMessagePage.java:92)
at pageClasses.QALegendMessagePage.clickOnSentItems(QALegendMessagePage.java:92)
at pageClasses.QALegendMessagePage.clickOnSentItems(QALegendMessagePage.java:92)
at pageClasses.QALegendMessagePage.clickOnSentItems(QALegendMessagePage.java:92)
at pageClasses.QALegendMessagePage.clickOnSentItems(QALegendMessagePage.java:92)
at pageClasses.QALegendMessagePage.clickOnSentItems(QALegendMessagePage.java:92)
at pageClasses.QALegendMessagePage.clickOnSentItems(QALegendMessagePage.java:92)
at pageClasses.QALegendMessagePage.clickOnSentItems(QALegendMessagePage.java:92)
at pageClasses.QALegendMessagePage.clickOnSentItems(QALegendMessagePage.java:92)
at pageClasses.QALegendMessagePage.clickOnSentItems(QALegendMessagePage.java:92)
at pageClasses.QALegendMessagePage.clickOnSentItems(QALegendMessagePage.java:92)
at pageClasses.QALegendMessagePage.clickOnSentItems(QALegendMessagePage.java:92)
at pageClasses.QALegendMessagePage.clickOnSentItems(QALegendMessagePage.java:92)
at pageClasses.QALegendMessagePage.clickOnSentItems(QALegendMessagePage.java:92)
at pageClasses.QALegendMessagePage.clickOnSentItems(QALegendMessagePage.java:92)
at pageClasses.QALegendMessagePage.clickOnSentItems(QALegendMessagePage.java:92)
at pageClasses.QALegendMessagePage.clickOnSentItems(QALegendMessagePage.java:92)
at pageClasses.QALegendMessagePage.clickOnSentItems(QALegendMessagePage.java:92)
at pageClasses.QALegendMessagePage.clickOnSentItems(QALegendMessagePage.java:92)
at pageClasses.QALegendMessagePage.clickOnSentItems(QALegendMessagePage.java:92)
at pageClasses.QALegendMessagePage.clickOnSentItems(QALegendMessagePage.java:92)
at pageClasses.QALegendMessagePage.clickOnSentItems(QALegendMessagePage.java:92)
at pageClasses.QALegendMessagePage.clickOnSentItems(QALegendMessagePage.java:92)
at pageClasses.QALegendMessagePage.clickOnSentItems(QALegendMessagePage.java:92)
at pageClasses.QALegendMessagePage.clickOnSentItems(QALegendMessagePage.java:92)
at pageClasses.QALegendMessagePage.clickOnSentItems(QALegendMessagePage.java:92)
at pageClasses.QALegendMessagePage.clickOnSentItems(QALegendMessagePage.java:92)
at pageClasses.QALegendMessagePage.clickOnSentItems(QALegendMessagePage.java:92)
at pageClasses.QALegendMessagePage.clickOnSentItems(QALegendMessagePage.java:92)
at pageClasses.QALegendMessagePage.clickOnSentItems(QALegendMessagePage.java:92)
at pageClasses.QALegendMessagePage.clickOnSentItems(QALegendMessagePage.java:92)
at pageClasses.QALegendMessagePage.clickOnSentItems(QALegendMessagePage.java:92)
at pageClasses.QALegendMessagePage.clickOnSentItems(QALegendMessagePage.java:92)
at pageClasses.QALegendMessagePage.clickOnSentItems(QALegendMessagePage.java:92)
at pageClasses.QALegendMessagePage.clickOnSentItems(QALegendMessagePage.java:92)
at pageClasses.QALegendMessagePage.clickOnSentItems(QALegendMessagePage.java:92)
at pageClasses.QALegendMessagePage.clickOnSentItems(QALegendMessagePage.java:92)
at pageClasses.QALegendMessagePage.clickOnSentItems(QALegendMessagePage.java:92)
at pageClasses.QALegendMessagePage.clickOnSentItems(QALegendMessagePage.java:92)
at pageClasses.QALegendMessagePage.clickOnSentItems(QALegendMessagePage.java:92)
at pageClasses.QALegendMessagePage.clickOnSentItems(QALegendMessagePage.java:92)
at pageClasses.QALegendMessagePage.clickOnSentItems(QALegendMessagePage.java:92)
at pageClasses.QALegendMessagePage.clickOnSentItems(QALegendMessagePage.java:92)
at pageClasses.QALegendMessagePage.clickOnSentItems(QALegendMessagePage.java:92)
at pageClasses.QALegendMessagePage.clickOnSentItems(QALegendMessagePage.java:92)
at pageClasses.QALegendMessagePage.clickOnSentItems(QALegendMessagePage.java:92)
at pageClasses.QALegendMessagePage.clickOnSentItems(QALegendMessagePage.java:92)
at pageClasses.QALegendMessagePage.clickOnSentItems(QALegendMessagePage.java:92)
at pageClasses.QALegendMessagePage.clickOnSentItems(QALegendMessagePage.java:92)
at pageClasses.QALegendMessagePage.clickOnSentItems(QALegendMessagePage.java:92)
at pageClasses.QALegendMessagePage.clickOnSentItems(QALegendMessagePage.java:92)
at pageClasses.QALegendMessagePage.clickOnSentItems(QALegendMessagePage.java:92)
at pageClasses.QALegendMessagePage.clickOnSentItems(QALegendMessagePage.java:92)
at pageClasses.QALegendMessagePage.clickOnSentItems(QALegendMessagePage.java:92)
at pageClasses.QALegendMessagePage.clickOnSentItems(QALegendMessagePage.java:92)
at pageClasses.QALegendMessagePage.clickOnSentItems(QALegendMessagePage.java:92)
at pageClasses.QALegendMessagePage.clickOnSentItems(QALegendMessagePage.java:92)
at pageClasses.QALegendMessagePage.clickOnSentItems(QALegendMessagePage.java:92)
at pageClasses.QALegendMessagePage.clickOnSentItems(QALegendMessagePage.java:92)
at pageClasses.QALegendMessagePage.clickOnSentItems(QALegendMessagePage.java:92)
at pageClasses.QALegendMessagePage.clickOnSentItems(QALegendMessagePage.java:92)
at pageClasses.QALegendMessagePage.clickOnSentItems(QALegendMessagePage.java:92)
at pageClasses.QALegendMessagePage.clickOnSentItems(QALegendMessagePage.java:92)
at pageClasses.QALegendMessagePage.clickOnSentItems(QALegendMessagePage.java:92)
at pageClasses.QALegendMessagePage.clickOnSentItems(QALegendMessagePage.java:92)
at pageClasses.QALegendMessagePage.clickOnSentItems(QALegendMessagePage.java:92)
at pageClasses.QALegendMessagePage.clickOnSentItems(QALegendMessagePage.java:92)
at pageClasses.QALegendMessagePage.clickOnSentItems(QALegendMessagePage.java:92)
at pageClasses.QALegendMessagePage.clickOnSentItems(QALegendMessagePage.java:92)
at pageClasses.QALegendMessagePage.clickOnSentItems(QALegendMessagePage.java:92)
at pageClasses.QALegendMessagePage.clickOnSentItems(QALegendMessagePage.java:92)
at pageClasses.QALegendMessagePage.clickOnSentItems(QALegendMessagePage.java:92)
at pageClasses.QALegendMessagePage.clickOnSentItems(QALegendMessagePage.java:92)
at pageClasses.QALegendMessagePage.clickOnSentItems(QALegendMessagePage.java:92)
at pageClasses.QALegendMessagePage.clickOnSentItems(QALegendMessagePage.java:92)
at pageClasses.QALegendMessagePage.clickOnSentItems(QALegendMessagePage.java:92)
at pageClasses.QALegendMessagePage.clickOnSentItems(QALegendMessagePage.java:92)
at pageClasses.QALegendMessagePage.clickOnSentItems(QALegendMessagePage.java:92)
at pageClasses.QALegendMessagePage.clickOnSentItems(QALegendMessagePage.java:92)
at pageClasses.QALegendMessagePage.clickOnSentItems(QALegendMessagePage.java:92)
at pageClasses.QALegendMessagePage.clickOnSentItems(QALegendMessagePage.java:92)
at pageClasses.QALegendMessagePage.clickOnSentItems(QALegendMessagePage.java:92)
at pageClasses.QALegendMessagePage.clickOnSentItems(QALegendMessagePage.java:92)
at pageClasses.QALegendMessagePage.clickOnSentItems(QALegendMessagePage.java:92)
at pageClasses.QALegendMessagePage.clickOnSentItems(QALegendMessagePage.java:92)
at pageClasses.QALegendMessagePage.clickOnSentItems(QALegendMessagePage.java:92)
at pageClasses.QALegendMessagePage.clickOnSentItems(QALegendMessagePage.java:92)
at pageClasses.QALegendMessagePage.clickOnSentItems(QALegendMessagePage.java:92)
at pageClasses.QALegendMessagePage.clickOnSentItems(QALegendMessagePage.java:92)
at pageClasses.QALegendMessagePage.clickOnSentItems(QALegendMessagePage.java:92)
at pageClasses.QALegendMessagePage.clickOnSentItems(QALegendMessagePage.java:92)
at pageClasses.QALegendMessagePage.clickOnSentItems(QALegendMessagePage.java:92)
at pageClasses.QALegendMessagePage.clickOnSentItems(QALegendMessagePage.java:92)
at pageClasses.QALegendMessagePage.clickOnSentItems(QALegendMessagePage.java:92)
at pageClasses.QALegendMessagePage.clickOnSentItems(QALegendMessagePage.java:92)
at pageClasses.QALegendMessagePage.clickOnSentItems(QALegendMessagePage.java:92)
at pageClasses.QALegendMessagePage.clickOnSentItems(QALegendMessagePage.java:92)
at pageClasses.QALegendMessagePage.clickOnSentItems(QALegendMessagePage.java:92)
at pageClasses.QALegendMessagePage.clickOnSentItems(QALegendMessagePage.java:92)
at pageClasses.QALegendMessagePage.clickOnSentItems(QALegendMessagePage.java:92)
at pageClasses.QALegendMessagePage.clickOnSentItems(QALegendMessagePage.java:92)
at pageClasses.QALegendMessagePage.clickOnSentItems(QALegendMessagePage.java:92)
at pageClasses.QALegendMessagePage.clickOnSentItems(QALegendMessagePage.java:92)
at pageClasses.QALegendMessagePage.clickOnSentItems(QALegendMessagePage.java:92)
at pageClasses.QALegendMessagePage.clickOnSentItems(QALegendMessagePage.java:92)
at pageClasses.QALegendMessagePage.clickOnSentItems(QALegendMessagePage.java:92)
at pageClasses.QALegendMessagePage.clickOnSentItems(QALegendMessagePage.java:92)
at pageClasses.QALegendMessagePage.clickOnSentItems(QALegendMessagePage.java:92)
at pageClasses.QALegendMessagePage.clickOnSentItems(QALegendMessagePage.java:92)
at pageClasses.QALegendMessagePage.clickOnSentItems(QALegendMessagePage.java:92)
at pageClasses.QALegendMessagePage.clickOnSentItems(QALegendMessagePage.java:92)
at pageClasses.QALegendMessagePage.clickOnSentItems(QALegendMessagePage.java:92)
at pageClasses.QALegendMessagePage.clickOnSentItems(QALegendMessagePage.java:92)
at pageClasses.QALegendMessagePage.clickOnSentItems(QALegendMessagePage.java:92)
at pageClasses.QALegendMessagePage.clickOnSentItems(QALegendMessagePage.java:92)
at pageClasses.QALegendMessagePage.clickOnSentItems(QALegendMessagePage.java:92)
at pageClasses.QALegendMessagePage.clickOnSentItems(QALegendMessagePage.java:92)
at pageClasses.QALegendMessagePage.clickOnSentItems(QALegendMessagePage.java:92)
at pageClasses.QALegendMessagePage.clickOnSentItems(QALegendMessagePage.java:92)
at pageClasses.QALegendMessagePage.clickOnSentItems(QALegendMessagePage.java:92)
at pageClasses.QALegendMessagePage.clickOnSentItems(QALegendMessagePage.java:92)
at pageClasses.QALegendMessagePage.clickOnSentItems(QALegendMessagePage.java:92)
at pageClasses.QALegendMessagePage.clickOnSentItems(QALegendMessagePage.java:92)
at pageClasses.QALegendMessagePage.clickOnSentItems(QALegendMessagePage.java:92)
at pageClasses.QALegendMessagePage.clickOnSentItems(QALegendMessagePage.java:92)
at pageClasses.QALegendMessagePage.clickOnSentItems(QALegendMessagePage.java:92)
at pageClasses.QALegendMessagePage.clickOnSentItems(QALegendMessagePage.java:92)
at pageClasses.QALegendMessagePage.clickOnSentItems(QALegendMessagePage.java:92)
at pageClasses.QALegendMessagePage.clickOnSentItems(QALegendMessagePage.java:92)
at pageClasses.QALegendMessagePage.clickOnSentItems(QALegendMessagePage.java:92)
at pageClasses.QALegendMessagePage.clickOnSentItems(QALegendMessagePage.java:92)
at pageClasses.QALegendMessagePage.clickOnSentItems(QALegendMessagePage.java:92)
at pageClasses.QALegendMessagePage.clickOnSentItems(QALegendMessagePage.java:92)
at pageClasses.QALegendMessagePage.clickOnSentItems(QALegendMessagePage.java:92)
at pageClasses.QALegendMessagePage.clickOnSentItems(QALegendMessagePage.java:92)
at pageClasses.QALegendMessagePage.clickOnSentItems(QALegendMessagePage.java:92)
at pageClasses.QALegendMessagePage.clickOnSentItems(QALegendMessagePage.java:92)
at pageClasses.QALegendMessagePage.clickOnSentItems(QALegendMessagePage.java:92)
at pageClasses.QALegendMessagePage.clickOnSentItems(QALegendMessagePage.java:92)
at pageClasses.QALegendMessagePage.clickOnSentItems(QALegendMessagePage.java:92)
at pageClasses.QALegendMessagePage.clickOnSentItems(QALegendMessagePage.java:92)
at pageClasses.QALegendMessagePage.clickOnSentItems(QALegendMessagePage.java:92)
at pageClasses.QALegendMessagePage.clickOnSentItems(QALegendMessagePage.java:92)
at pageClasses.QALegendMessagePage.clickOnSentItems(QALegendMessagePage.java:92)
at pageClasses.QALegendMessagePage.clickOnSentItems(QALegendMessagePage.java:92)
at pageClasses.QALegendMessagePage.clickOnSentItems(QALegendMessagePage.java:92)
at pageClasses.QALegendMessagePage.clickOnSentItems(QALegendMessagePage.java:92)
at pageClasses.QALegendMessagePage.clickOnSentItems(QALegendMessagePage.java:92)
at pageClasses.QALegendMessagePage.clickOnSentItems(QALegendMessagePage.java:92)
at pageClasses.QALegendMessagePage.clickOnSentItems(QALegendMessagePage.java:92)
at pageClasses.QALegendMessagePage.clickOnSentItems(QALegendMessagePage.java:92)
at pageClasses.QALegendMessagePage.clickOnSentItems(QALegendMessagePage.java:92)
at pageClasses.QALegendMessagePage.clickOnSentItems(QALegendMessagePage.java:92)
at pageClasses.QALegendMessagePage.clickOnSentItems(QALegendMessagePage.java:92)
at pageClasses.QALegendMessagePage.clickOnSentItems(QALegendMessagePage.java:92)
at pageClasses.QALegendMessagePage.clickOnSentItems(QALegendMessagePage.java:92)
at pageClasses.QALegendMessagePage.clickOnSentItems(QALegendMessagePage.java:92)
at pageClasses.QALegendMessagePage.clickOnSentItems(QALegendMessagePage.java:92)
at pageClasses.QALegendMessagePage.clickOnSentItems(QALegendMessagePage.java:92)
at pageClasses.QALegendMessagePage.clickOnSentItems(QALegendMessagePage.java:92)
at pageClasses.QALegendMessagePage.clickOnSentItems(QALegendMessagePage.java:92)
at pageClasses.QALegendMessagePage.clickOnSentItems(QALegendMessagePage.java:92)
at pageClasses.QALegendMessagePage.clickOnSentItems(QALegendMessagePage.java:92)
at pageClasses.QALegendMessagePage.clickOnSentItems(QALegendMessagePage.java:92)
at pageClasses.QALegendMessagePage.clickOnSentItems(QALegendMessagePage.java:92)
at pageClasses.QALegendMessagePage.clickOnSentItems(QALegendMessagePage.java:92)
at pageClasses.QALegendMessagePage.clickOnSentItems(QALegendMessagePage.java:92)
at pageClasses.QALegendMessagePage.clickOnSentItems(QALegendMessagePage.java:92)
at pageClasses.QALegendMessagePage.clickOnSentItems(QALegendMessagePage.java:92)
at pageClasses.QALegendMessagePage.clickOnSentItems(QALegendMessagePage.java:92)
at pageClasses.QALegendMessagePage.clickOnSentItems(QALegendMessagePage.java:92)
at pageClasses.QALegendMessagePage.clickOnSentItems(QALegendMessagePage.java:92)
at pageClasses.QALegendMessagePage.clickOnSentItems(QALegendMessagePage.java:92)
at pageClasses.QALegendMessagePage.clickOnSentItems(QALegendMessagePage.java:92)
at pageClasses.QALegendMessagePage.clickOnSentItems(QALegendMessagePage.java:92)
at pageClasses.QALegendMessagePage.clickOnSentItems(QALegendMessagePage.java:92)
at pageClasses.QALegendMessagePage.clickOnSentItems(QALegendMessagePage.java:92)
at pageClasses.QALegendMessagePage.clickOnSentItems(QALegendMessagePage.java:92)
at pageClasses.QALegendMessagePage.clickOnSentItems(QALegendMessagePage.java:92)
at pageClasses.QALegendMessagePage.clickOnSentItems(QALegendMessagePage.java:92)
at pageClasses.QALegendMessagePage.clickOnSentItems(QALegendMessagePage.java:92)
at pageClasses.QALegendMessagePage.clickOnSentItems(QALegendMessagePage.java:92)
at pageClasses.QALegendMessagePage.clickOnSentItems(QALegendMessagePage.java:92)
at pageClasses.QALegendMessagePage.clickOnSentItems(QALegendMessagePage.java:92)
at pageClasses.QALegendMessagePage.clickOnSentItems(QALegendMessagePage.java:92)
at pageClasses.QALegendMessagePage.clickOnSentItems(QALegendMessagePage.java:92)
at pageClasses.QALegendMessagePage.clickOnSentItems(QALegendMessagePage.java:92)
at pageClasses.QALegendMessagePage.clickOnSentItems(QALegendMessagePage.java:92)
at pageClasses.QALegendMessagePage.clickOnSentItems(QALegendMessagePage.java:92)
at pageClasses.QALegendMessagePage.clickOnSentItems(QALegendMessagePage.java:92)
at pageClasses.QALegendMessagePage.clickOnSentItems(QALegendMessagePage.java:92)
at pageClasses.QALegendMessagePage.clickOnSentItems(QALegendMessagePage.java:92)
at pageClasses.QALegendMessagePage.clickOnSentItems(QALegendMessagePage.java:92)
at pageClasses.QALegendMessagePage.clickOnSentItems(QALegendMessagePage.java:92)
at pageClasses.QALegendMessagePage.clickOnSentItems(QALegendMessagePage.java:92)
at pageClasses.QALegendMessagePage.clickOnSentItems(QALegendMessagePage.java:92)
at pageClasses.QALegendMessagePage.clickOnSentItems(QALegendMessagePage.java:92)
at pageClasses.QALegendMessagePage.clickOnSentItems(QALegendMessagePage.java:92)
at pageClasses.QALegendMessagePage.clickOnSentItems(QALegendMessagePage.java:92)
at pageClasses.QALegendMessagePage.clickOnSentItems(QALegendMessagePage.java:92)
at pageClasses.QALegendMessagePage.clickOnSentItems(QALegendMessagePage.java:92)
at pageClasses.QALegendMessagePage.clickOnSentItems(QALegendMessagePage.java:92)
at pageClasses.QALegendMessagePage.clickOnSentItems(QALegendMessagePage.java:92)
at pageClasses.QALegendMessagePage.clickOnSentItems(QALegendMessagePage.java:92)
at pageClasses.QALegendMessagePage.clickOnSentItems(QALegendMessagePage.java:92)
at pageClasses.QALegendMessagePage.clickOnSentItems(QALegendMessagePage.java:92)
at pageClasses.QALegendMessagePage.clickOnSentItems(QALegendMessagePage.java:92)
at pageClasses.QALegendMessagePage.clickOnSentItems(QALegendMessagePage.java:92)
at pageClasses.QALegendMessagePage.clickOnSentItems(QALegendMessagePage.java:92)
at pageClasses.QALegendMessagePage.clickOnSentItems(QALegendMessagePage.java:92)
at pageClasses.QALegendMessagePage.clickOnSentItems(QALegendMessagePage.java:92)
at pageClasses.QALegendMessagePage.clickOnSentItems(QALegendMessagePage.java:92)
at pageClasses.QALegendMessagePage.clickOnSentItems(QALegendMessagePage.java:92)
at pageClasses.QALegendMessagePage.clickOnSentItems(QALegendMessagePage.java:92)
at pageClasses.QALegendMessagePage.clickOnSentItems(QALegendMessagePage.java:92)
at pageClasses.QALegendMessagePage.clickOnSentItems(QALegendMessagePage.java:92)
at pageClasses.QALegendMessagePage.clickOnSentItems(QALegendMessagePage.java:92)
at pageClasses.QALegendMessagePage.clickOnSentItems(QALegendMessagePage.java:92)
at pageClasses.QALegendMessagePage.clickOnSentItems(QALegendMessagePage.java:92)
at pageClasses.QALegendMessagePage.clickOnSentItems(QALegendMessagePage.java:92)
at pageClasses.QALegendMessagePage.clickOnSentItems(QALegendMessagePage.java:92)
at pageClasses.QALegendMessagePage.clickOnSentItems(QALegendMessagePage.java:92)
at pageClasses.QALegendMessagePage.clickOnSentItems(QALegendMessagePage.java:92)
at pageClasses.QALegendMessagePage.clickOnSentItems(QALegendMessagePage.java:92)
at pageClasses.QALegendMessagePage.clickOnSentItems(QALegendMessagePage.java:92)
at pageClasses.QALegendMessagePage.clickOnSentItems(QALegendMessagePage.java:92)
at pageClasses.QALegendMessagePage.clickOnSentItems(QALegendMessagePage.java:92)
at pageClasses.QALegendMessagePage.clickOnSentItems(QALegendMessagePage.java:92)
at pageClasses.QALegendMessagePage.clickOnSentItems(QALegendMessagePage.java:92)
at pageClasses.QALegendMessagePage.clickOnSentItems(QALegendMessagePage.java:92)
at pageClasses.QALegendMessagePage.clickOnSentItems(QALegendMessagePage.java:92)
at pageClasses.QALegendMessagePage.clickOnSentItems(QALegendMessagePage.java:92)
at pageClasses.QALegendMessagePage.clickOnSentItems(QALegendMessagePage.java:92)
at pageClasses.QALegendMessagePage.clickOnSentItems(QALegendMessagePage.java:92)
at pageClasses.QALegendMessagePage.clickOnSentItems(QALegendMessagePage.java:92)
at pageClasses.QALegendMessagePage.clickOnSentItems(QALegendMessagePage.java:92)
at pageClasses.QALegendMessagePage.clickOnSentItems(QALegendMessagePage.java:92)
at pageClasses.QALegendMessagePage.clickOnSentItems(QALegendMessagePage.java:92)
at pageClasses.QALegendMessagePage.clickOnSentItems(QALegendMessagePage.java:92)
at pageClasses.QALegendMessagePage.clickOnSentItems(QALegendMessagePage.java:92)
at pageClasses.QALegendMessagePage.clickOnSentItems(QALegendMessagePage.java:92)
at pageClasses.QALegendMessagePage.clickOnSentItems(QALegendMessagePage.java:92)
at pageClasses.QALegendMessagePage.clickOnSentItems(QALegendMessagePage.java:92)
at pageClasses.QALegendMessagePage.clickOnSentItems(QALegendMessagePage.java:92)
at pageClasses.QALegendMessagePage.clickOnSentItems(QALegendMessagePage.java:92)
at pageClasses.QALegendMessagePage.clickOnSentItems(QALegendMessagePage.java:92)
at pageClasses.QALegendMessagePage.clickOnSentItems(QALegendMessagePage.java:92)
at pageClasses.QALegendMessagePage.clickOnSentItems(QALegendMessagePage.java:92)
at pageClasses.QALegendMessagePage.clickOnSentItems(QALegendMessagePage.java:92)
at pageClasses.QALegendMessagePage.clickOnSentItems(QALegendMessagePage.java:92)
at pageClasses.QALegendMessagePage.clickOnSentItems(QALegendMessagePage.java:92)
at pageClasses.QALegendMessagePage.clickOnSentItems(QALegendMessagePage.java:92)
at pageClasses.QALegendMessagePage.clickOnSentItems(QALegendMessagePage.java:92)
at pageClasses.QALegendMessagePage.clickOnSentItems(QALegendMessagePage.java:92)
at pageClasses.QALegendMessagePage.clickOnSentItems(QALegendMessagePage.java:92)
at pageClasses.QALegendMessagePage.clickOnSentItems(QALegendMessagePage.java:92)
at pageClasses.QALegendMessagePage.clickOnSentItems(QALegendMessagePage.java:92)
at pageClasses.QALegendMessagePage.clickOnSentItems(QALegendMessagePage.java:92)
at pageClasses.QALegendMessagePage.clickOnSentItems(QALegendMessagePage.java:92)
at pageClasses.QALegendMessagePage.clickOnSentItems(QALegendMessagePage.java:92)
at pageClasses.QALegendMessagePage.clickOnSentItems(QALegendMessagePage.java:92)
at pageClasses.QALegendMessagePage.clickOnSentItems(QALegendMessagePage.java:92)
at pageClasses.QALegendMessagePage.clickOnSentItems(QALegendMessagePage.java:92)
at pageClasses.QALegendMessagePage.clickOnSentItems(QALegendMessagePage.java:92)
at pageClasses.QALegendMessagePage.clickOnSentItems(QALegendMessagePage.java:92)
at pageClasses.QALegendMessagePage.clickOnSentItems(QALegendMessagePage.java:92)
at pageClasses.QALegendMessagePage.clickOnSentItems(QALegendMessagePage.java:92)
at pageClasses.QALegendMessagePage.clickOnSentItems(QALegendMessagePage.java:92)
at pageClasses.QALegendMessagePage.clickOnSentItems(QALegendMessagePage.java:92)
at pageClasses.QALegendMessagePage.clickOnSentItems(QALegendMessagePage.java:92)
at pageClasses.QALegendMessagePage.clickOnSentItems(QALegendMessagePage.java:92)
at pageClasses.QALegendMessagePage.clickOnSentItems(QALegendMessagePage.java:92)
at pageClasses.QALegendMessagePage.clickOnSentItems(QALegendMessagePage.java:92)
at pageClasses.QALegendMessagePage.clickOnSentItems(QALegendMessagePage.java:92)
at pageClasses.QALegendMessagePage.clickOnSentItems(QALegendMessagePage.java:92)
at pageClasses.QALegendMessagePage.clickOnSentItems(QALegendMessagePage.java:92)
at pageClasses.QALegendMessagePage.clickOnSentItems(QALegendMessagePage.java:92)
at pageClasses.QALegendMessagePage.clickOnSentItems(QALegendMessagePage.java:92)
at pageClasses.QALegendMessagePage.clickOnSentItems(QALegendMessagePage.java:92)
at pageClasses.QALegendMessagePage.clickOnSentItems(QALegendMessagePage.java:92)
at pageClasses.QALegendMessagePage.clickOnSentItems(QALegendMessagePage.java:92)
at pageClasses.QALegendMessagePage.clickOnSentItems(QALegendMessagePage.java:92)
at pageClasses.QALegendMessagePage.clickOnSentItems(QALegendMessagePage.java:92)
at pageClasses.QALegendMessagePage.clickOnSentItems(QALegendMessagePage.java:92)
at pageClasses.QALegendMessagePage.clickOnSentItems(QALegendMessagePage.java:92)
at pageClasses.QALegendMessagePage.clickOnSentItems(QALegendMessagePage.java:92)
at pageClasses.QALegendMessagePage.clickOnSentItems(QALegendMessagePage.java:92)
at pageClasses.QALegendMessagePage.clickOnSentItems(QALegendMessagePage.java:92)
at pageClasses.QALegendMessagePage.clickOnSentItems(QALegendMessagePage.java:92)
at pageClasses.QALegendMessagePage.clickOnSentItems(QALegendMessagePage.java:92)
at pageClasses.QALegendMessagePage.clickOnSentItems(QALegendMessagePage.java:92)
at pageClasses.QALegendMessagePage.clickOnSentItems(QALegendMessagePage.java:92)
at pageClasses.QALegendMessagePage.clickOnSentItems(QALegendMessagePage.java:92)
at pageClasses.QALegendMessagePage.clickOnSentItems(QALegendMessagePage.java:92)
at pageClasses.QALegendMessagePage.clickOnSentItems(QALegendMessagePage.java:92)
at pageClasses.QALegendMessagePage.clickOnSentItems(QALegendMessagePage.java:92)
at pageClasses.QALegendMessagePage.clickOnSentItems(QALegendMessagePage.java:92)
at pageClasses.QALegendMessagePage.clickOnSentItems(QALegendMessagePage.java:92)
at pageClasses.QALegendMessagePage.clickOnSentItems(QALegendMessagePage.java:92)
at pageClasses.QALegendMessagePage.clickOnSentItems(QALegendMessagePage.java:92)
at pageClasses.QALegendMessagePage.clickOnSentItems(QALegendMessagePage.java:92)
at pageClasses.QALegendMessagePage.clickOnSentItems(QALegendMessagePage.java:92)
at pageClasses.QALegendMessagePage.clickOnSentItems(QALegendMessagePage.java:92)
at pageClasses.QALegendMessagePage.clickOnSentItems(QALegendMessagePage.java:92)
at pageClasses.QALegendMessagePage.clickOnSentItems(QALegendMessagePage.java:92)
at pageClasses.QALegendMessagePage.clickOnSentItems(QALegendMessagePage.java:92)
at pageClasses.QALegendMessagePage.clickOnSentItems(QALegendMessagePage.java:92)
at pageClasses.QALegendMessagePage.clickOnSentItems(QALegendMessagePage.java:92)
at pageClasses.QALegendMessagePage.clickOnSentItems(QALegendMessagePage.java:92)
at pageClasses.QALegendMessagePage.clickOnSentItems(QALegendMessagePage.java:92)
at pageClasses.QALegendMessagePage.clickOnSentItems(QALegendMessagePage.java:92)
at pageClasses.QALegendMessagePage.clickOnSentItems(QALegendMessagePage.java:92)
at pageClasses.QALegendMessagePage.clickOnSentItems(QALegendMessagePage.java:92)
at pageClasses.QALegendMessagePage.clickOnSentItems(QALegendMessagePage.java:92)
at pageClasses.QALegendMessagePage.clickOnSentItems(QALegendMessagePage.java:92)
at pageClasses.QALegendMessagePage.clickOnSentItems(QALegendMessagePage.java:92)
at pageClasses.QALegendMessagePage.clickOnSentItems(QALegendMessagePage.java:92)
at pageClasses.QALegendMessagePage.clickOnSentItems(QALegendMessagePage.java:92)
at pageClasses.QALegendMessagePage.clickOnSentItems(QALegendMessagePage.java:92)
at pageClasses.QALegendMessagePage.clickOnSentItems(QALegendMessagePage.java:92)
at pageClasses.QALegendMessagePage.clickOnSentItems(QALegendMessagePage.java:92)
at pageClasses.QALegendMessagePage.clickOnSentItems(QALegendMessagePage.java:92)
at pageClasses.QALegendMessagePage.clickOnSentItems(QALegendMessagePage.java:92)
at pageClasses.QALegendMessagePage.clickOnSentItems(QALegendMessagePage.java:92)
at pageClasses.QALegendMessagePage.clickOnSentItems(QALegendMessagePage.java:92)
at pageClasses.QALegendMessagePage.clickOnSentItems(QALegendMessagePage.java:92)
at pageClasses.QALegendMessagePage.clickOnSentItems(QALegendMessagePage.java:92)
at pageClasses.QALegendMessagePage.clickOnSentItems(QALegendMessagePage.java:92)
at pageClasses.QALegendMessagePage.clickOnSentItems(QALegendMessagePage.java:92)
at pageClasses.QALegendMessagePage.clickOnSentItems(QALegendMessagePage.java:92)
at pageClasses.QALegendMessagePage.clickOnSentItems(QALegendMessagePage.java:92)
at pageClasses.QALegendMessagePage.clickOnSentItems(QALegendMessagePage.java:92)
at pageClasses.QALegendMessagePage.clickOnSentItems(QALegendMessagePage.java:92)
at pageClasses.QALegendMessagePage.clickOnSentItems(QALegendMessagePage.java:92)
at pageClasses.QALegendMessagePage.clickOnSentItems(QALegendMessagePage.java:92)
at pageClasses.QALegendMessagePage.clickOnSentItems(QALegendMessagePage.java:92)
at pageClasses.QALegendMessagePage.clickOnSentItems(QALegendMessagePage.java:92)
at pageClasses.QALegendMessagePage.clickOnSentItems(QALegendMessagePage.java:92)
at pageClasses.QALegendMessagePage.clickOnSentItems(QALegendMessagePage.java:92)
at pageClasses.QALegendMessagePage.clickOnSentItems(QALegendMessagePage.java:92)
at pageClasses.QALegendMessagePage.clickOnSentItems(QALegendMessagePage.java:92)
at pageClasses.QALegendMessagePage.clickOnSentItems(QALegendMessagePage.java:92)
at pageClasses.QALegendMessagePage.clickOnSentItems(QALegendMessagePage.java:92)
at pageClasses.QALegendMessagePage.clickOnSentItems(QALegendMessagePage.java:92)
at pageClasses.QALegendMessagePage.clickOnSentItems(QALegendMessagePage.java:92)
at pageClasses.QALegendMessagePage.clickOnSentItems(QALegendMessagePage.java:92)
at pageClasses.QALegendMessagePage.clickOnSentItems(QALegendMessagePage.java:92)
at pageClasses.QALegendMessagePage.clickOnSentItems(QALegendMessagePage.java:92)
at pageClasses.QALegendMessagePage.clickOnSentItems(QALegendMessagePage.java:92)
at pageClasses.QALegendMessagePage.clickOnSentItems(QALegendMessagePage.java:92)
at pageClasses.QALegendMessagePage.clickOnSentItems(QALegendMessagePage.java:92)
at pageClasses.QALegendMessagePage.clickOnSentItems(QALegendMessagePage.java:92)
at pageClasses.QALegendMessagePage.clickOnSentItems(QALegendMessagePage.java:92)
at pageClasses.QALegendMessagePage.clickOnSentItems(QALegendMessagePage.java:92)
at pageClasses.QALegendMessagePage.clickOnSentItems(QALegendMessagePage.java:92)
at pageClasses.QALegendMessagePage.clickOnSentItems(QALegendMessagePage.java:92)
at pageClasses.QALegendMessagePage.clickOnSentItems(QALegendMessagePage.java:92)
at pageClasses.QALegendMessagePage.clickOnSentItems(QALegendMessagePage.java:92)
at pageClasses.QALegendMessagePage.clickOnSentItems(QALegendMessagePage.java:92)
at pageClasses.QALegendMessagePage.clickOnSentItems(QALegendMessagePage.java:92)
at pageClasses.QALegendMessagePage.clickOnSentItems(QALegendMessagePage.java:92)
at pageClasses.QALegendMessagePage.clickOnSentItems(QALegendMessagePage.java:92)
at pageClasses.QALegendMessagePage.clickOnSentItems(QALegendMessagePage.java:92)
at pageClasses.QALegendMessagePage.clickOnSentItems(QALegendMessagePage.java:92)
at pageClasses.QALegendMessagePage.clickOnSentItems(QALegendMessagePage.java:92)
at pageClasses.QALegendMessagePage.clickOnSentItems(QALegendMessagePage.java:92)
at pageClasses.QALegendMessagePage.clickOnSentItems(QALegendMessagePage.java:92)
at pageClasses.QALegendMessagePage.clickOnSentItems(QALegendMessagePage.java:92)
at pageClasses.QALegendMessagePage.clickOnSentItems(QALegendMessagePage.java:92)
at pageClasses.QALegendMessagePage.clickOnSentItems(QALegendMessagePage.java:92)
at pageClasses.QALegendMessagePage.clickOnSentItems(QALegendMessagePage.java:92)
at pageClasses.QALegendMessagePage.clickOnSentItems(QALegendMessagePage.java:92)
at pageClasses.QALegendMessagePage.clickOnSentItems(QALegendMessagePage.java:92)
at pageClasses.QALegendMessagePage.clickOnSentItems(QALegendMessagePage.java:92)
at pageClasses.QALegendMessagePage.clickOnSentItems(QALegendMessagePage.java:92)
at pageClasses.QALegendMessagePage.clickOnSentItems(QALegendMessagePage.java:92)
at pageClasses.QALegendMessagePage.clickOnSentItems(QALegendMessagePage.java:92)
at pageClasses.QALegendMessagePage.clickOnSentItems(QALegendMessagePage.java:92)
at pageClasses.QALegendMessagePage.clickOnSentItems(QALegendMessagePage.java:92)
at pageClasses.QALegendMessagePage.clickOnSentItems(QALegendMessagePage.java:92)
at pageClasses.QALegendMessagePage.clickOnSentItems(QALegendMessagePage.java:92)
at pageClasses.QALegendMessagePage.clickOnSentItems(QALegendMessagePage.java:92)
at pageClasses.QALegendMessagePage.clickOnSentItems(QALegendMessagePage.java:92)
at pageClasses.QALegendMessagePage.clickOnSentItems(QALegendMessagePage.java:92)
at pageClasses.QALegendMessagePage.clickOnSentItems(QALegendMessagePage.java:92)
at pageClasses.QALegendMessagePage.clickOnSentItems(QALegendMessagePage.java:92)
at pageClasses.QALegendMessagePage.clickOnSentItems(QALegendMessagePage.java:92)
at pageClasses.QALegendMessagePage.clickOnSentItems(QALegendMessagePage.java:92)
at pageClasses.QALegendMessagePage.clickOnSentItems(QALegendMessagePage.java:92)
at pageClasses.QALegendMessagePage.clickOnSentItems(QALegendMessagePage.java:92)
at pageClasses.QALegendMessagePage.clickOnSentItems(QALegendMessagePage.java:92)
at pageClasses.QALegendMessagePage.clickOnSentItems(QALegendMessagePage.java:92)
at pageClasses.QALegendMessagePage.clickOnSentItems(QALegendMessagePage.java:92)
at pageClasses.QALegendMessagePage.clickOnSentItems(QALegendMessagePage.java:92)
at pageClasses.QALegendMessagePage.clickOnSentItems(QALegendMessagePage.java:92)
at pageClasses.QALegendMessagePage.clickOnSentItems(QALegendMessagePage.java:92)
at pageClasses.QALegendMessagePage.clickOnSentItems(QALegendMessagePage.java:92)
at pageClasses.QALegendMessagePage.clickOnSentItems(QALegendMessagePage.java:92)
at pageClasses.QALegendMessagePage.clickOnSentItems(QALegendMessagePage.java:92)
at pageClasses.QALegendMessagePage.clickOnSentItems(QALegendMessagePage.java:92)
at pageClasses.QALegendMessagePage.clickOnSentItems(QALegendMessagePage.java:92)
at pageClasses.QALegendMessagePage.clickOnSentItems(QALegendMessagePage.java:92)
at pageClasses.QALegendMessagePage.clickOnSentItems(QALegendMessagePage.java:92)
at pageClasses.QALegendMessagePage.clickOnSentItems(QALegendMessagePage.java:92)
at pageClasses.QALegendMessagePage.clickOnSentItems(QALegendMessagePage.java:92)
at pageClasses.QALegendMessagePage.clickOnSentItems(QALegendMessagePage.java:92)
at pageClasses.QALegendMessagePage.clickOnSentItems(QALegendMessagePage.java:92)
at pageClasses.QALegendMessagePage.clickOnSentItems(QALegendMessagePage.java:92)
at pageClasses.QALegendMessagePage.clickOnSentItems(QALegendMessagePage.java:92)
at pageClasses.QALegendMessagePage.clickOnSentItems(QALegendMessagePage.java:92)
at pageClasses.QALegendMessagePage.clickOnSentItems(QALegendMessagePage.java:92)
at pageClasses.QALegendMessagePage.clickOnSentItems(QALegendMessagePage.java:92)
at pageClasses.QALegendMessagePage.clickOnSentItems(QALegendMessagePage.java:92)
at pageClasses.QALegendMessagePage.clickOnSentItems(QALegendMessagePage.java:92)
at pageClasses.QALegendMessagePage.clickOnSentItems(QALegendMessagePage.java:92)
at pageClasses.QALegendMessagePage.clickOnSentItems(QALegendMessagePage.java:92)
at pageClasses.QALegendMessagePage.clickOnSentItems(QALegendMessagePage.java:92)
at pageClasses.QALegendMessagePage.clickOnSentItems(QALegendMessagePage.java:92)
at pageClasses.QALegendMessagePage.clickOnSentItems(QALegendMessagePage.java:92)
at pageClasses.QALegendMessagePage.clickOnSentItems(QALegendMessagePage.java:92)
at pageClasses.QALegendMessagePage.clickOnSentItems(QALegendMessagePage.java:92)
at pageClasses.QALegendMessagePage.clickOnSentItems(QALegendMessagePage.java:92)
at pageClasses.QALegendMessagePage.clickOnSentItems(QALegendMessagePage.java:92)
at pageClasses.QALegendMessagePage.clickOnSentItems(QALegendMessagePage.java:92)
at pageClasses.QALegendMessagePage.clickOnSentItems(QALegendMessagePage.java:92)
at pageClasses.QALegendMessagePage.clickOnSentItems(QALegendMessagePage.java:92)
at pageClasses.QALegendMessagePage.clickOnSentItems(QALegendMessagePage.java:92)
at pageClasses.QALegendMessagePage.clickOnSentItems(QALegendMessagePage.java:92)
at pageClasses.QALegendMessagePage.clickOnSentItems(QALegendMessagePage.java:92)
at pageClasses.QALegendMessagePage.clickOnSentItems(QALegendMessagePage.java:92)
at pageClasses.QALegendMessagePage.clickOnSentItems(QALegendMessagePage.java:92)
at pageClasses.QALegendMessagePage.clickOnSentItems(QALegendMessagePage.java:92)
at pageClasses.QALegendMessagePage.clickOnSentItems(QALegendMessagePage.java:92)
at pageClasses.QALegendMessagePage.clickOnSentItems(QALegendMessagePage.java:92)
at pageClasses.QALegendMessagePage.clickOnSentItems(QALegendMessagePage.java:92)
at pageClasses.QALegendMessagePage.clickOnSentItems(QALegendMessagePage.java:92)
at pageClasses.QALegendMessagePage.clickOnSentItems(QALegendMessagePage.java:92)
at pageClasses.QALegendMessagePage.clickOnSentItems(QALegendMessagePage.java:92)
at pageClasses.QALegendMessagePage.clickOnSentItems(QALegendMessagePage.java:92)
at pageClasses.QALegendMessagePage.clickOnSentItems(QALegendMessagePage.java:92)
at pageClasses.QALegendMessagePage.clickOnSentItems(QALegendMessagePage.java:92)
at pageClasses.QALegendMessagePage.clickOnSentItems(QALegendMessagePage.java:92)
at pageClasses.QALegendMessagePage.clickOnSentItems(QALegendMessagePage.java:92)
at pageClasses.QALegendMessagePage.clickOnSentItems(QALegendMessagePage.java:92)
at pageClasses.QALegendMessagePage.clickOnSentItems(QALegendMessagePage.java:92)
at pageClasses.QALegendMessagePage.clickOnSentItems(QALegendMessagePage.java:92)
at pageClasses.QALegendMessagePage.clickOnSentItems(QALegendMessagePage.java:92)
at pageClasses.QALegendMessagePage.clickOnSentItems(QALegendMessagePage.java:92)
at pageClasses.QALegendMessagePage.clickOnSentItems(QALegendMessagePage.java:92)
at pageClasses.QALegendMessagePage.clickOnSentItems(QALegendMessagePage.java:92)
at pageClasses.QALegendMessagePage.clickOnSentItems(QALegendMessagePage.java:92)
at pageClasses.QALegendMessagePage.clickOnSentItems(QALegendMessagePage.java:92)
at pageClasses.QALegendMessagePage.clickOnSentItems(QALegendMessagePage.java:92)
at pageClasses.QALegendMessagePage.clickOnSentItems(QALegendMessagePage.java:92)
at pageClasses.QALegendMessagePage.clickOnSentItems(QALegendMessagePage.java:92)
at pageClasses.QALegendMessagePage.clickOnSentItems(QALegendMessagePage.java:92)
at pageClasses.QALegendMessagePage.clickOnSentItems(QALegendMessagePage.java:92)
at pageClasses.QALegendMessagePage.clickOnSentItems(QALegendMessagePage.java:92)
at pageClasses.QALegendMessagePage.clickOnSentItems(QALegendMessagePage.java:92)
at pageClasses.QALegendMessagePage.clickOnSentItems(QALegendMessagePage.java:92)
at pageClasses.QALegendMessagePage.clickOnSentItems(QALegendMessagePage.java:92)
at pageClasses.QALegendMessagePage.clickOnSentItems(QALegendMessagePage.java:92)
at pageClasses.QALegendMessagePage.clickOnSentItems(QALegendMessagePage.java:92)
at pageClasses.QALegendMessagePage.clickOnSentItems(QALegendMessagePage.java:92)
at pageClasses.QALegendMessagePage.clickOnSentItems(QALegendMessagePage.java:92)
at pageClasses.QALegendMessagePage.clickOnSentItems(QALegendMessagePage.java:92)
at pageClasses.QALegendMessagePage.clickOnSentItems(QALegendMessagePage.java:92)
at pageClasses.QALegendMessagePage.clickOnSentItems(QALegendMessagePage.java:92)
at pageClasses.QALegendMessagePage.clickOnSentItems(QALegendMessagePage.java:92)
at pageClasses.QALegendMessagePage.clickOnSentItems(QALegendMessagePage.java:92)
at pageClasses.QALegendMessagePage.clickOnSentItems(QALegendMessagePage.java:92)
at pageClasses.QALegendMessagePage.clickOnSentItems(QALegendMessagePage.java:92)
at pageClasses.QALegendMessagePage.clickOnSentItems(QALegendMessagePage.java:92)
at pageClasses.QALegendMessagePage.clickOnSentItems(QALegendMessagePage.java:92)
at pageClasses.QALegendMessagePage.clickOnSentItems(QALegendMessagePage.java:92)
at pageClasses.QALegendMessagePage.clickOnSentItems(QALegendMessagePage.java:92)
at pageClasses.QALegendMessagePage.clickOnSentItems(QALegendMessagePage.java:92)
at pageClasses.QALegendMessagePage.clickOnSentItems(QALegendMessagePage.java:92)
at pageClasses.QALegendMessagePage.clickOnSentItems(QALegendMessagePage.java:92)
at pageClasses.QALegendMessagePage.clickOnSentItems(QALegendMessagePage.java:92)
at pageClasses.QALegendMessagePage.clickOnSentItems(QALegendMessagePage.java:92)
at pageClasses.QALegendMessagePage.clickOnSentItems(QALegendMessagePage.java:92)
at pageClasses.QALegendMessagePage.clickOnSentItems(QALegendMessagePage.java:92)
at pageClasses.QALegendMessagePage.clickOnSentItems(QALegendMessagePage.java:92)
at pageClasses.QALegendMessagePage.clickOnSentItems(QALegendMessagePage.java:92)
at pageClasses.QALegendMessagePage.clickOnSentItems(QALegendMessagePage.java:92)
at pageClasses.QALegendMessagePage.clickOnSentItems(QALegendMessagePage.java:92)
at pageClasses.QALegendMessagePage.clickOnSentItems(QALegendMessagePage.java:92)
at pageClasses.QALegendMessagePage.clickOnSentItems(QALegendMessagePage.java:92)
at pageClasses.QALegendMessagePage.clickOnSentItems(QALegendMessagePage.java:92)
at pageClasses.QALegendMessagePage.clickOnSentItems(QALegendMessagePage.java:92)
at pageClasses.QALegendMessagePage.clickOnSentItems(QALegendMessagePage.java:92)
at pageClasses.QALegendMessagePage.clickOnSentItems(QALegendMessagePage.java:92)
at pageClasses.QALegendMessagePage.clickOnSentItems(QALegendMessagePage.java:92)
at pageClasses.QALegendMessagePage.clickOnSentItems(QALegendMessagePage.java:92)
at pageClasses.QALegendMessagePage.clickOnSentItems(QALegendMessagePage.java:92)
at pageClasses.QALegendMessagePage.clickOnSentItems(QALegendMessagePage.java:92)
at pageClasses.QALegendMessagePage.clickOnSentItems(QALegendMessagePage.java:92)
at pageClasses.QALegendMessagePage.clickOnSentItems(QALegendMessagePage.java:92)
at pageClasses.QALegendMessagePage.clickOnSentItems(QALegendMessagePage.java:92)
at pageClasses.QALegendMessagePage.clickOnSentItems(QALegendMessagePage.java:92)
at pageClasses.QALegendMessagePage.clickOnSentItems(QALegendMessagePage.java:92)
at pageClasses.QALegendMessagePage.clickOnSentItems(QALegendMessagePage.java:92)
at pageClasses.QALegendMessagePage.clickOnSentItems(QALegendMessagePage.java:92)
at pageClasses.QALegendMessagePage.clickOnSentItems(QALegendMessagePage.java:92)
at pageClasses.QALegendMessagePage.clickOnSentItems(QALegendMessagePage.java:92)
at pageClasses.QALegendMessagePage.clickOnSentItems(QALegendMessagePage.java:92)
at pageClasses.QALegendMessagePage.clickOnSentItems(QALegendMessagePage.java:92)
at pageClasses.QALegendMessagePage.clickOnSentItems(QALegendMessagePage.java:92)
at pageClasses.QALegendMessagePage.clickOnSentItems(QALegendMessagePage.java:92)
at pageClasses.QALegendMessagePage.clickOnSentItems(QALegendMessagePage.java:92)
at pageClasses.QALegendMessagePage.clickOnSentItems(QALegendMessagePage.java:92)
at pageClasses.QALegendMessagePage.clickOnSentItems(QALegendMessagePage.java:92)
at pageClasses.QALegendMessagePage.clickOnSentItems(QALegendMessagePage.java:92)
at pageClasses.QALegendMessagePage.clickOnSentItems(QALegendMessagePage.java:92)
at pageClasses.QALegendMessagePage.clickOnSentItems(QALegendMessagePage.java:92)
at pageClasses.QALegendMessagePage.clickOnSentItems(QALegendMessagePage.java:92)
at pageClasses.QALegendMessagePage.clickOnSentItems(QALegendMessagePage.java:92)
at pageClasses.QALegendMessagePage.clickOnSentItems(QALegendMessagePage.java:92)
at pageClasses.QALegendMessagePage.clickOnSentItems(QALegendMessagePage.java:92)
at pageClasses.QALegendMessagePage.clickOnSentItems(QALegendMessagePage.java:92)
at pageClasses.QALegendMessagePage.clickOnSentItems(QALegendMessagePage.java:92)
at pageClasses.QALegendMessagePage.clickOnSentItems(QALegendMessagePage.java:92)
at pageClasses.QALegendMessagePage.clickOnSentItems(QALegendMessagePage.java:92)
at pageClasses.QALegendMessagePage.clickOnSentItems(QALegendMessagePage.java:92)
at pageClasses.QALegendMessagePage.clickOnSentItems(QALegendMessagePage.java:92)
at pageClasses.QALegendMessagePage.clickOnSentItems(QALegendMessagePage.java:92)
at pageClasses.QALegendMessagePage.clickOnSentItems(QALegendMessagePage.java:92)
at pageClasses.QALegendMessagePage.clickOnSentItems(QALegendMessagePage.java:92)
at pageClasses.QALegendMessagePage.clickOnSentItems(QALegendMessagePage.java:92)
at pageClasses.QALegendMessagePage.clickOnSentItems(QALegendMessagePage.java:92)
at pageClasses.QALegendMessagePage.clickOnSentItems(QALegendMessagePage.java:92)
at pageClasses.QALegendMessagePage.clickOnSentItems(QALegendMessagePage.java:92)
at pageClasses.QALegendMessagePage.clickOnSentItems(QALegendMessagePage.java:92)
at pageClasses.QALegendMessagePage.clickOnSentItems(QALegendMessagePage.java:92)
at pageClasses.QALegendMessagePage.clickOnSentItems(QALegendMessagePage.java:92)
at pageClasses.QALegendMessagePage.clickOnSentItems(QALegendMessagePage.java:92)
at pageClasses.QALegendMessagePage.clickOnSentItems(QALegendMessagePage.java:92)
at pageClasses.QALegendMessagePage.clickOnSentItems(QALegendMessagePage.java:92)
at pageClasses.QALegendMessagePage.clickOnSentItems(QALegendMessagePage.java:92)
at pageClasses.QALegendMessagePage.clickOnSentItems(QALegendMessagePage.java:92)
at pageClasses.QALegendMessagePage.clickOnSentItems(QALegendMessagePage.java:92)
at pageClasses.QALegendMessagePage.clickOnSentItems(QALegendMessagePage.java:92)
at pageClasses.QALegendMessagePage.clickOnSentItems(QALegendMessagePage.java:92)
at pageClasses.QALegendMessagePage.clickOnSentItems(QALegendMessagePage.java:92)
at pageClasses.QALegendMessagePage.clickOnSentItems(QALegendMessagePage.java:92)
at pageClasses.QALegendMessagePage.clickOnSentItems(QALegendMessagePage.java:92)
at pageClasses.QALegendMessagePage.clickOnSentItems(QALegendMessagePage.java:92)
at pageClasses.QALegendMessagePage.clickOnSentItems(QALegendMessagePage.java:92)
at pageClasses.QALegendMessagePage.clickOnSentItems(QALegendMessagePage.java:92)
at pageClasses.QALegendMessagePage.clickOnSentItems(QALegendMessagePage.java:92)
at pageClasses.QALegendMessagePage.clickOnSentItems(QALegendMessagePage.java:92)
at pageClasses.QALegendMessagePage.clickOnSentItems(QALegendMessagePage.java:92)
at pageClasses.QALegendMessagePage.clickOnSentItems(QALegendMessagePage.java:92)
at pageClasses.QALegendMessagePage.clickOnSentItems(QALegendMessagePage.java:92)
at pageClasses.QALegendMessagePage.clickOnSentItems(QALegendMessagePage.java:92)
at pageClasses.QALegendMessagePage.clickOnSentItems(QALegendMessagePage.java:92)
at pageClasses.QALegendMessagePage.clickOnSentItems(QALegendMessagePage.java:92)
at pageClasses.QALegendMessagePage.clickOnSentItems(QALegendMessagePage.java:92)
at pageClasses.QALegendMessagePage.clickOnSentItems(QALegendMessagePage.java:92)
at pageClasses.QALegendMessagePage.clickOnSentItems(QALegendMessagePage.java:92)
at pageClasses.QALegendMessagePage.clickOnSentItems(QALegendMessagePage.java:92)
at pageClasses.QALegendMessagePage.clickOnSentItems(QALegendMessagePage.java:92)
at pageClasses.QALegendMessagePage.clickOnSentItems(QALegendMessagePage.java:92)
at pageClasses.QALegendMessagePage.clickOnSentItems(QALegendMessagePage.java:92)
at pageClasses.QALegendMessagePage.clickOnSentItems(QALegendMessagePage.java:92)
at pageClasses.QALegendMessagePage.clickOnSentItems(QALegendMessagePage.java:92)
at pageClasses.QALegendMessagePage.clickOnSentItems(QALegendMessagePage.java:92)
at pageClasses.QALegendMessagePage.clickOnSentItems(QALegendMessagePage.java:92)
at pageClasses.QALegendMessagePage.clickOnSentItems(QALegendMessagePage.java:92)
at pageClasses.QALegendMessagePage.clickOnSentItems(QALegendMessagePage.java:92)
at pageClasses.QALegendMessagePage.clickOnSentItems(QALegendMessagePage.java:92)
at pageClasses.QALegendMessagePage.clickOnSentItems(QALegendMessagePage.java:92)
at pageClasses.QALegendMessagePage.clickOnSentItems(QALegendMessagePage.java:92)
at pageClasses.QALegendMessagePage.clickOnSentItems(QALegendMessagePage.java:92)
at pageClasses.QALegendMessagePage.clickOnSentItems(QALegendMessagePage.java:92)
at pageClasses.QALegendMessagePage.clickOnSentItems(QALegendMessagePage.java:92)
at pageClasses.QALegendMessagePage.clickOnSentItems(QALegendMessagePage.java:92)
at pageClasses.QALegendMessagePage.clickOnSentItems(QALegendMessagePage.java:92)
at pageClasses.QALegendMessagePage.clickOnSentItems(QALegendMessagePage.java:92)
at pageClasses.QALegendMessagePage.clickOnSentItems(QALegendMessagePage.java:92)
at pageClasses.QALegendMessagePage.clickOnSentItems(QALegendMessagePage.java:92)
at pageClasses.QALegendMessagePage.clickOnSentItems(QALegendMessagePage.java:92)
at pageClasses.QALegendMessagePage.clickOnSentItems(QALegendMessagePage.java:92)
at pageClasses.QALegendMessagePage.clickOnSentItems(QALegendMessagePage.java:92)
at pageClasses.QALegendMessagePage.clickOnSentItems(QALegendMessagePage.java:92)
at pageClasses.QALegendMessagePage.clickOnSentItems(QALegendMessagePage.java:92)
at pageClasses.QALegendMessagePage.clickOnSentItems(QALegendMessagePage.java:92)
at pageClasses.QALegendMessagePage.clickOnSentItems(QALegendMessagePage.java:92)
at pageClasses.QALegendMessagePage.clickOnSentItems(QALegendMessagePage.java:92)
at pageClasses.QALegendMessagePage.clickOnSentItems(QALegendMessagePage.java:92)
at pageClasses.QALegendMessagePage.clickOnSentItems(QALegendMessagePage.java:92)
at pageClasses.QALegendMessagePage.clickOnSentItems(QALegendMessagePage.java:92)
at pageClasses.QALegendMessagePage.clickOnSentItems(QALegendMessagePage.java:92)
at pageClasses.QALegendMessagePage.clickOnSentItems(QALegendMessagePage.java:92)
at pageClasses.QALegendMessagePage.clickOnSentItems(QALegendMessagePage.java:92)
at pageClasses.QALegendMessagePage.clickOnSentItems(QALegendMessagePage.java:92)
at pageClasses.QALegendMessagePage.clickOnSentItems(QALegendMessagePage.java:92)
at pageClasses.QALegendMessagePage.clickOnSentItems(QALegendMessagePage.java:92)
at pageClasses.QALegendMessagePage.clickOnSentItems(QALegendMessagePage.java:92)
at pageClasses.QALegendMessagePage.clickOnSentItems(QALegendMessagePage.java:92)
at pageClasses.QALegendMessagePage.clickOnSentItems(QALegendMessagePage.java:92)
at pageClasses.QALegendMessagePage.clickOnSentItems(QALegendMessagePage.java:92)
at pageClasses.QALegendMessagePage.clickOnSentItems(QALegendMessagePage.java:92)
at pageClasses.QALegendMessagePage.clickOnSentItems(QALegendMessagePage.java:92)
at pageClasses.QALegendMessagePage.clickOnSentItems(QALegendMessagePage.java:92)
at pageClasses.QALegendMessagePage.clickOnSentItems(QALegendMessagePage.java:92)
at pageClasses.QALegendMessagePage.clickOnSentItems(QALegendMessagePage.java:92)
at pageClasses.QALegendMessagePage.clickOnSentItems(QALegendMessagePage.java:92)
at pageClasses.QALegendMessagePage.clickOnSentItems(QALegendMessagePage.java:92)
at pageClasses.QALegendMessagePage.clickOnSentItems(QALegendMessagePage.java:92)
at pageClasses.QALegendMessagePage.clickOnSentItems(QALegendMessagePage.java:92)
at pageClasses.QALegendMessagePage.clickOnSentItems(QALegendMessagePage.java:92)
at pageClasses.QALegendMessagePage.clickOnSentItems(QALegendMessagePage.java:92)
at pageClasses.QALegendMessagePage.clickOnSentItems(QALegendMessagePage.java:92)
at pageClasses.QALegendMessagePage.clickOnSentItems(QALegendMessagePage.java:92)
at pageClasses.QALegendMessagePage.clickOnSentItems(QALegendMessagePage.java:92)
at pageClasses.QALegendMessagePage.clickOnSentItems(QALegendMessagePage.java:92)
at pageClasses.QALegendMessagePage.clickOnSentItems(QALegendMessagePage.java:92)
at pageClasses.QALegendMessagePage.clickOnSentItems(QALegendMessagePage.java:92)
at pageClasses.QALegendMessagePage.clickOnSentItems(QALegendMessagePage.java:92)
at pageClasses.QALegendMessagePage.clickOnSentItems(QALegendMessagePage.java:92)
at pageClasses.QALegendMessagePage.clickOnSentItems(QALegendMessagePage.java:92)
at pageClasses.QALegendMessagePage.clickOnSentItems(QALegendMessagePage.java:92)
at pageClasses.QALegendMessagePage.clickOnSentItems(QALegendMessagePage.java:92)
at pageClasses.QALegendMessagePage.clickOnSentItems(QALegendMessagePage.java:92)
at pageClasses.QALegendMessagePage.clickOnSentItems(QALegendMessagePage.java:92)
at pageClasses.QALegendMessagePage.clickOnSentItems(QALegendMessagePage.java:92)
at pageClasses.QALegendMessagePage.clickOnSentItems(QALegendMessagePage.java:92)
at pageClasses.QALegendMessagePage.clickOnSentItems(QALegendMessagePage.java:92)
at pageClasses.QALegendMessagePage.clickOnSentItems(QALegendMessagePage.java:92)
at pageClasses.QALegendMessagePage.clickOnSentItems(QALegendMessagePage.java:92)
at pageClasses.QALegendMessagePage.clickOnSentItems(QALegendMessagePage.java:92)
at pageClasses.QALegendMessagePage.clickOnSentItems(QALegendMessagePage.java:92)
at pageClasses.QALegendMessagePage.clickOnSentItems(QALegendMessagePage.java:92)
at pageClasses.QALegendMessagePage.clickOnSentItems(QALegendMessagePage.java:92)
at pageClasses.QALegendMessagePage.clickOnSentItems(QALegendMessagePage.java:92)
at pageClasses.QALegendMessagePage.clickOnSentItems(QALegendMessagePage.java:92)
at pageClasses.QALegendMessagePage.clickOnSentItems(QALegendMessagePage.java:92)
at pageClasses.QALegendMessagePage.clickOnSentItems(QALegendMessagePage.java:92)
at pageClasses.QALegendMessagePage.clickOnSentItems(QALegendMessagePage.java:92)
at pageClasses.QALegendMessagePage.clickOnSentItems(QALegendMessagePage.java:92)
at pageClasses.QALegendMessagePage.clickOnSentItems(QALegendMessagePage.java:92)
at pageClasses.QALegendMessagePage.clickOnSentItems(QALegendMessagePage.java:92)
at pageClasses.QALegendMessagePage.clickOnSentItems(QALegendMessagePage.java:92)
at pageClasses.QALegendMessagePage.clickOnSentItems(QALegendMessagePage.java:92)
at pageClasses.QALegendMessagePage.clickOnSentItems(QALegendMessagePage.java:92)
at pageClasses.QALegendMessagePage.clickOnSentItems(QALegendMessagePage.java:92)
at pageClasses.QALegendMessagePage.clickOnSentItems(QALegendMessagePage.java:92)
at pageClasses.QALegendMessagePage.clickOnSentItems(QALegendMessagePage.java:92)
at pageClasses.QALegendMessagePage.clickOnSentItems(QALegendMessagePage.java:92)
at pageClasses.QALegendMessagePage.clickOnSentItems(QALegendMessagePage.java:92)
at pageClasses.QALegendMessagePage.clickOnSentItems(QALegendMessagePage.java:92)
at pageClasses.QALegendMessagePage.clickOnSentItems(QALegendMessagePage.java:92)
at pageClasses.QALegendMessagePage.clickOnSentItems(QALegendMessagePage.java:92)
at pageClasses.QALegendMessagePage.clickOnSentItems(QALegendMessagePage.java:92)
at pageClasses.QALegendMessagePage.clickOnSentItems(QALegendMessagePage.java:92)
at pageClasses.QALegendMessagePage.clickOnSentItems(QALegendMessagePage.java:92)
at pageClasses.QALegendMessagePage.clickOnSentItems(QALegendMessagePage.java:92)
at pageClasses.QALegendMessagePage.clickOnSentItems(QALegendMessagePage.java:92)
at pageClasses.QALegendMessagePage.clickOnSentItems(QALegendMessagePage.java:92)
at pageClasses.QALegendMessagePage.clickOnSentItems(QALegendMessagePage.java:92)
at pageClasses.QALegendMessagePage.clickOnSentItems(QALegendMessagePage.java:92)
at pageClasses.QALegendMessagePage.clickOnSentItems(QALegendMessagePage.java:92)
at pageClasses.QALegendMessagePage.clickOnSentItems(QALegendMessagePage.java:92)
at pageClasses.QALegendMessagePage.clickOnSentItems(QALegendMessagePage.java:92)
at pageClasses.QALegendMessagePage.clickOnSentItems(QALegendMessagePage.java:92)
at pageClasses.QALegendMessagePage.clickOnSentItems(QALegendMessagePage.java:92)
at pageClasses.QALegendMessagePage.clickOnSentItems(QALegendMessagePage.java:92)
at pageClasses.QALegendMessagePage.clickOnSentItems(QALegendMessagePage.java:92)
at pageClasses.QALegendMessagePage.clickOnSentItems(QALegendMessagePage.java:92)
at pageClasses.QALegendMessagePage.clickOnSentItems(QALegendMessagePage.java:92)
at pageClasses.QALegendMessagePage.clickOnSentItems(QALegendMessagePage.java:92)
at pageClasses.QALegendMessagePage.clickOnSentItems(QALegendMessagePage.java:92)
at pageClasses.QALegendMessagePage.clickOnSentItems(QALegendMessagePage.java:92)
at pageClasses.QALegendMessagePage.clickOnSentItems(QALegendMessagePage.java:92)
at pageClasses.QALegendMessagePage.clickOnSentItems(QALegendMessagePage.java:92)
at pageClasses.QALegendMessagePage.clickOnSentItems(QALegendMessagePage.java:92)
at pageClasses.QALegendMessagePage.clickOnSentItems(QALegendMessagePage.java:92)
at pageClasses.QALegendMessagePage.clickOnSentItems(QALegendMessagePage.java:92)
at pageClasses.QALegendMessagePage.clickOnSentItems(QALegendMessagePage.java:92)
at pageClasses.QALegendMessagePage.clickOnSentItems(QALegendMessagePage.java:92)
at pageClasses.QALegendMessagePage.clickOnSentItems(QALegendMessagePage.java:92)
at pageClasses.QALegendMessagePage.clickOnSentItems(QALegendMessagePage.java:92)
at pageClasses.QALegendMessagePage.clickOnSentItems(QALegendMessagePage.java:92)
at pageClasses.QALegendMessagePage.clickOnSentItems(QALegendMessagePage.java:92)
at pageClasses.QALegendMessagePage.clickOnSentItems(QALegendMessagePage.java:92)
at pageClasses.QALegendMessagePage.clickOnSentItems(QALegendMessagePage.java:92)
at pageClasses.QALegendMessagePage.clickOnSentItems(QALegendMessagePage.java:92)
at pageClasses.QALegendMessagePage.clickOnSentItems(QALegendMessagePage.java:92)
at pageClasses.QALegendMessagePage.clickOnSentItems(QALegendMessagePage.java:92)
at pageClasses.QALegendMessagePage.clickOnSentItems(QALegendMessagePage.java:92)
at pageClasses.QALegendMessagePage.clickOnSentItems(QALegendMessagePage.java:92)
at pageClasses.QALegendMessagePage.clickOnSentItems(QALegendMessagePage.java:92)
at pageClasses.QALegendMessagePage.clickOnSentItems(QALegendMessagePage.java:92)
at pageClasses.QALegendMessagePage.clickOnSentItems(QALegendMessagePage.java:92)
at pageClasses.QALegendMessagePage.clickOnSentItems(QALegendMessagePage.java:92)
at pageClasses.QALegendMessagePage.clickOnSentItems(QALegendMessagePage.java:92)
at pageClasses.QALegendMessagePage.clickOnSentItems(QALegendMessagePage.java:92)
at pageClasses.QALegendMessagePage.clickOnSentItems(QALegendMessagePage.java:92)
at pageClasses.QALegendMessagePage.clickOnSentItems(QALegendMessagePage.java:92)
at pageClasses.QALegendMessagePage.clickOnSentItems(QALegendMessagePage.java:92)
at pageClasses.QALegendMessagePage.clickOnSentItems(QALegendMessagePage.java:92)
at pageClasses.QALegendMessagePage.clickOnSentItems(QALegendMessagePage.java:92)
at pageClasses.QALegendMessagePage.clickOnSentItems(QALegendMessagePage.java:92)
at pageClasses.QALegendMessagePage.clickOnSentItems(QALegendMessagePage.java:92)
at pageClasses.QALegendMessagePage.clickOnSentItems(QALegendMessagePage.java:92)
at pageClasses.QALegendMessagePage.clickOnSentItems(QALegendMessagePage.java:92)
at pageClasses.QALegendMessagePage.clickOnSentItems(QALegendMessagePage.java:92)
at pageClasses.QALegendMessagePage.clickOnSentItems(QALegendMessagePage.java:92)
at pageClasses.QALegendMessagePage.clickOnSentItems(QALegendMessagePage.java:92)
at pageClasses.QALegendMessagePage.clickOnSentItems(QALegendMessagePage.java:92)
at pageClasses.QALegendMessagePage.clickOnSentItems(QALegendMessagePage.java:92)
at pageClasses.QALegendMessagePage.clickOnSentItems(QALegendMessagePage.java:92)
at pageClasses.QALegendMessagePage.clickOnSentItems(QALegendMessagePage.java:92)
at pageClasses.QALegendMessagePage.clickOnSentItems(QALegendMessagePage.java:92)
at pageClasses.QALegendMessagePage.clickOnSentItems(QALegendMessagePage.java:92)
at pageClasses.QALegendMessagePage.clickOnSentItems(QALegendMessagePage.java:92)
at pageClasses.QALegendMessagePage.clickOnSentItems(QALegendMessagePage.java:92)
at pageClasses.QALegendMessagePage.clickOnSentItems(QALegendMessagePage.java:92)
at pageClasses.QALegendMessagePage.clickOnSentItems(QALegendMessagePage.java:92)
at pageClasses.QALegendMessagePage.clickOnSentItems(QALegendMessagePage.java:92)
at pageClasses.QALegendMessagePage.clickOnSentItems(QALegendMessagePage.java:92)
at pageClasses.QALegendMessagePage.clickOnSentItems(QALegendMessagePage.java:92)
at pageClasses.QALegendMessagePage.clickOnSentItems(QALegendMessagePage.java:92)
at pageClasses.QALegendMessagePage.clickOnSentItems(QALegendMessagePage.java:92)
at pageClasses.QALegendMessagePage.clickOnSentItems(QALegendMessagePage.java:92)
at pageClasses.QALegendMessagePage.clickOnSentItems(QALegendMessagePage.java:92)
at pageClasses.QALegendMessagePage.clickOnSentItems(QALegendMessagePage.java:92)
at pageClasses.QALegendMessagePage.clickOnSentItems(QALegendMessagePage.java:92)
at pageClasses.QALegendMessagePage.clickOnSentItems(QALegendMessagePage.java:92)
at pageClasses.QALegendMessagePage.clickOnSentItems(QALegendMessagePage.java:92)
at pageClasses.QALegendMessagePage.clickOnSentItems(QALegendMessagePage.java:92)
at pageClasses.QALegendMessagePage.clickOnSentItems(QALegendMessagePage.java:92)
at pageClasses.QALegendMessagePage.clickOnSentItems(QALegendMessagePage.java:92)
at pageClasses.QALegendMessagePage.clickOnSentItems(QALegendMessagePage.java:92)
at pageClasses.QALegendMessagePage.clickOnSentItems(QALegendMessagePage.java:92)
at pageClasses.QALegendMessagePage.clickOnSentItems(QALegendMessagePage.java:92)
at pageClasses.QALegendMessagePage.clickOnSentItems(QALegendMessagePage.java:92)
at pageClasses.QALegendMessagePage.clickOnSentItems(QALegendMessagePage.java:92)
at pageClasses.QALegendMessagePage.clickOnSentItems(QALegendMessagePage.java:92)
at pageClasses.QALegendMessagePage.clickOnSentItems(QALegendMessagePage.java:92)
at pageClasses.QALegendMessagePage.clickOnSentItems(QALegendMessagePage.java:92)
at pageClasses.QALegendMessagePage.clickOnSentItems(QALegendMessagePage.java:92)
at pageClasses.QALegendMessagePage.clickOnSentItems(QALegendMessagePage.java:92)
at pageClasses.QALegendMessagePage.clickOnSentItems(QALegendMessagePage.java:92)
at pageClasses.QALegendMessagePage.clickOnSentItems(QALegendMessagePage.java:92)
at pageClasses.QALegendMessagePage.clickOnSentItems(QALegendMessagePage.java:92)
at pageClasses.QALegendMessagePage.clickOnSentItems(QALegendMessagePage.java:92)
at pageClasses.QALegendMessagePage.clickOnSentItems(QALegendMessagePage.java:92)
at pageClasses.QALegendMessagePage.clickOnSentItems(QALegendMessagePage.java:92)
at pageClasses.QALegendMessagePage.clickOnSentItems(QALegendMessagePage.java:92)
at pageClasses.QALegendMessagePage.clickOnSentItems(QALegendMessagePage.java:92)
at pageClasses.QALegendMessagePage.clickOnSentItems(QALegendMessagePage.java:92)
at pageClasses.QALegendMessagePage.clickOnSentItems(QALegendMessagePage.java:92)
at pageClasses.QALegendMessagePage.clickOnSentItems(QALegendMessagePage.java:92)
at pageClasses.QALegendMessagePage.clickOnSentItems(QALegendMessagePage.java:92)
at pageClasses.QALegendMessagePage.clickOnSentItems(QALegendMessagePage.java:92)
at pageClasses.QALegendMessagePage.clickOnSentItems(QALegendMessagePage.java:92)
at pageClasses.QALegendMessagePage.clickOnSentItems(QALegendMessagePage.java:92)
at pageClasses.QALegendMessagePage.clickOnSentItems(QALegendMessagePage.java:92)
at pageClasses.QALegendMessagePage.clickOnSentItems(QALegendMessagePage.java:92)
at pageClasses.QALegendMessagePage.clickOnSentItems(QALegendMessagePage.java:92)
at pageClasses.QALegendMessagePage.clickOnSentItems(QALegendMessagePage.java:92)
at pageClasses.QALegendMessagePage.clickOnSentItems(QALegendMessagePage.java:92)
at pageClasses.QALegendMessagePage.clickOnSentItems(QALegendMessagePage.java:92)
at pageClasses.QALegendMessagePage.clickOnSentItems(QALegendMessagePage.java:92)
at pageClasses.QALegendMessagePage.clickOnSentItems(QALegendMessagePage.java:92)
at pageClasses.QALegendMessagePage.clickOnSentItems(QALegendMessagePage.java:92)
at pageClasses.QALegendMessagePage.clickOnSentItems(QALegendMessagePage.java:92)
at pageClasses.QALegendMessagePage.clickOnSentItems(QALegendMessagePage.java:92)
at pageClasses.QALegendMessagePage.clickOnSentItems(QALegendMessagePage.java:92)
at pageClasses.QALegendMessagePage.clickOnSentItems(QALegendMessagePage.java:92)
at pageClasses.QALegendMessagePage.clickOnSentItems(QALegendMessagePage.java:92)
at pageClasses.QALegendMessagePage.clickOnSentItems(QALegendMessagePage.java:92)
at pageClasses.QALegendMessagePage.clickOnSentItems(QALegendMessagePage.java:92)
at pageClasses.QALegendMessagePage.clickOnSentItems(QALegendMessagePage.java:92)
at pageClasses.QALegendMessagePage.clickOnSentItems(QALegendMessagePage.java:92)
at pageClasses.QALegendMessagePage.clickOnSentItems(QALegendMessagePage.java:92)
at pageClasses.QALegendMessagePage.clickOnSentItems(QALegendMessagePage.java:92)
at pageClasses.QALegendMessagePage.clickOnSentItems(QALegendMessagePage.java:92)
at pageClasses.QALegendMessagePage.clickOnSentItems(QALegendMessagePage.java:92)
at pageClasses.QALegendMessagePage.clickOnSentItems(QALegendMessagePage.java:92)
at pageClasses.QALegendMessagePage.clickOnSentItems(QALegendMessagePage.java:92)
at pageClasses.QALegendMessagePage.clickOnSentItems(QALegendMessagePage.java:92)
at pageClasses.QALegendMessagePage.clickOnSentItems(QALegendMessagePage.java:92)
at pageClasses.QALegendMessagePage.clickOnSentItems(QALegendMessagePage.java:92)
at pageClasses.QALegendMessagePage.clickOnSentItems(QALegendMessagePage.java:92)
at pageClasses.QALegendMessagePage.clickOnSentItems(QALegendMessagePage.java:92)
at pageClasses.QALegendMessagePage.clickOnSentItems(QALegendMessagePage.java:92)
at pageClasses.QALegendMessagePage.clickOnSentItems(QALegendMessagePage.java:92)
at pageClasses.QALegendMessagePage.clickOnSentItems(QALegendMessagePage.java:92)
at pageClasses.QALegendMessagePage.clickOnSentItems(QALegendMessagePage.java:92)
at pageClasses.QALegendMessagePage.clickOnSentItems(QALegendMessagePage.java:92)
at pageClasses.QALegendMessagePage.clickOnSentItems(QALegendMessagePage.java:92)
at pageClasses.QALegendMessagePage.clickOnSentItems(QALegendMessagePage.java:92)
at pageClasses.QALegendMessagePage.clickOnSentItems(QALegendMessagePage.java:92)
at pageClasses.QALegendMessagePage.clickOnSentItems(QALegendMessagePage.java:92)
at pageClasses.QALegendMessagePage.clickOnSentItems(QALegendMessagePage.java:92)
at pageClasses.QALegendMessagePage.clickOnSentItems(QALegendMessagePage.java:92)
at pageClasses.QALegendMessagePage.clickOnSentItems(QALegendMessagePage.java:92)
at pageClasses.QALegendMessagePage.clickOnSentItems(QALegendMessagePage.java:92)
at pageClasses.QALegendMessagePage.clickOnSentItems(QALegendMessagePage.java:92)
at pageClasses.QALegendMessagePage.clickOnSentItems(QALegendMessagePage.java:92)
at pageClasses.QALegendMessagePage.clickOnSentItems(QALegendMessagePage.java:92)
at pageClasses.QALegendMessagePage.clickOnSentItems(QALegendMessagePage.java:92)
at pageClasses.QALegendMessagePage.clickOnSentItems(QALegendMessagePage.java:92)
at pageClasses.QALegendMessagePage.clickOnSentItems(QALegendMessagePage.java:92)
at pageClasses.QALegendMessagePage.clickOnSentItems(QALegendMessagePage.java:92)
at pageClasses.QALegendMessagePage.clickOnSentItems(QALegendMessagePage.java:92)
at pageClasses.QALegendMessagePage.clickOnSentItems(QALegendMessagePage.java:92)
at pageClasses.QALegendMessagePage.clickOnSentItems(QALegendMessagePage.java:92)
at pageClasses.QALegendMessagePage.clickOnSentItems(QALegendMessagePage.java:92)
at pageClasses.QALegendMessagePage.clickOnSentItems(QALegendMessagePage.java:92)
at pageClasses.QALegendMessagePage.clickOnSentItems(QALegendMessagePage.java:92)
at pageClasses.QALegendMessagePage.clickOnSentItems(QALegendMessagePage.java:92)
at pageClasses.QALegendMessagePage.clickOnSentItems(QALegendMessagePage.java:92)
at pageClasses.QALegendMessagePage.clickOnSentItems(QALegendMessagePage.java:92)
at pageClasses.QALegendMessagePage.clickOnSentItems(QALegendMessagePage.java:92)
at pageClasses.QALegendMessagePage.clickOnSentItems(QALegendMessagePage.java:92)
at pageClasses.QALegendMessagePage.clickOnSentItems(QALegendMessagePage.java:92)
at pageClasses.QALegendMessagePage.clickOnSentItems(QALegendMessagePage.java:92)
at pageClasses.QALegendMessagePage.clickOnSentItems(QALegendMessagePage.java:92)
at pageClasses.QALegendMessagePage.clickOnSentItems(QALegendMessagePage.java:92)
at pageClasses.QALegendMessagePage.clickOnSentItems(QALegendMessagePage.java:92)
at pageClasses.QALegendMessagePage.clickOnSentItems(QALegendMessagePage.java:92)
at pageClasses.QALegendMessagePage.clickOnSentItems(QALegendMessagePage.java:92)
at pageClasses.QALegendMessagePage.clickOnSentItems(QALegendMessagePage.java:92)
at pageClasses.QALegendMessagePage.clickOnSentItems(QALegendMessagePage.java:92)
at pageClasses.QALegendMessagePage.clickOnSentItems(QALegendMessagePage.java:92)
at pageClasses.QALegendMessagePage.clickOnSentItems(QALegendMessagePage.java:92)
at pageClasses.QALegendMessagePage.clickOnSentItems(QALegendMessagePage.java:92)
at pageClasses.QALegendMessagePage.clickOnSentItems(QALegendMessagePage.java:92)
at pageClasses.QALegendMessagePage.clickOnSentItems(QALegendMessagePage.java:92)
at pageClasses.QALegendMessagePage.clickOnSentItems(QALegendMessagePage.java:92)
at pageClasses.QALegendMessagePage.clickOnSentItems(QALegendMessagePage.java:92)
at pageClasses.QALegendMessagePage.clickOnSentItems(QALegendMessagePage.java:92)
at pageClasses.QALegendMessagePage.clickOnSentItems(QALegendMessagePage.java:92)
at pageClasses.QALegendMessagePage.clickOnSentItems(QALegendMessagePage.java:92)
at pageClasses.QALegendMessagePage.clickOnSentItems(QALegendMessagePage.java:92)
at pageClasses.QALegendMessagePage.clickOnSentItems(QALegendMessagePage.java:92)
at pageClasses.QALegendMessagePage.clickOnSentItems(QALegendMessagePage.java:92)
at pageClasses.QALegendMessagePage.clickOnSentItems(QALegendMessagePage.java:92)
at pageClasses.QALegendMessagePage.clickOnSentItems(QALegendMessagePage.java:92)
at pageClasses.QALegendMessagePage.clickOnSentItems(QALegendMessagePage.java:92)
at pageClasses.QALegendMessagePage.clickOnSentItems(QALegendMessagePage.java:92)
at pageClasses.QALegendMessagePage.clickOnSentItems(QALegendMessagePage.java:92)
at pageClasses.QALegendMessagePage.clickOnSentItems(QALegendMessagePage.java:92)
at pageClasses.QALegendMessagePage.clickOnSentItems(QALegendMessagePage.java:92)
at pageClasses.QALegendMessagePage.clickOnSentItems(QALegendMessagePage.java:92)
at pageClasses.QALegendMessagePage.clickOnSentItems(QALegendMessagePage.java:92)
at pageClasses.QALegendMessagePage.clickOnSentItems(QALegendMessagePage.java:92)
at pageClasses.QALegendMessagePage.clickOnSentItems(QALegendMessagePage.java:92)
at pageClasses.QALegendMessagePage.clickOnSentItems(QALegendMessagePage.java:92)
at pageClasses.QALegendMessagePage.clickOnSentItems(QALegendMessagePage.java:92)
at pageClasses.QALegendMessagePage.clickOnSentItems(QALegendMessagePage.java:92)
at pageClasses.QALegendMessagePage.clickOnSentItems(QALegendMessagePage.java:92)
at pageClasses.QALegendMessagePage.clickOnSentItems(QALegendMessagePage.java:92)
at pageClasses.QALegendMessagePage.clickOnSentItems(QALegendMessagePage.java:92)
at pageClasses.QALegendMessagePage.clickOnSentItems(QALegendMessagePage.java:92)
at pageClasses.QALegendMessagePage.clickOnSentItems(QALegendMessagePage.java:92)
at pageClasses.QALegendMessagePage.clickOnSentItems(QALegendMessagePage.java:92)
at pageClasses.QALegendMessagePage.clickOnSentItems(QALegendMessagePage.java:92)
at pageClasses.QALegendMessagePage.clickOnSentItems(QALegendMessagePage.java:92)
at pageClasses.QALegendMessagePage.clickOnSentItems(QALegendMessagePage.java:92)
at pageClasses.QALegendMessagePage.clickOnSentItems(QALegendMessagePage.java:92)
at pageClasses.QALegendMessagePage.clickOnSentItems(QALegendMessagePage.java:92)
at pageClasses.QALegendMessagePage.clickOnSentItems(QALegendMessagePage.java:92)
at pageClasses.QALegendMessagePage.clickOnSentItems(QALegendMessagePage.java:92)
at pageClasses.QALegendMessagePage.clickOnSentItems(QALegendMessagePage.java:92)
at pageClasses.QALegendMessagePage.clickOnSentItems(QALegendMessagePage.java:92)
at pageClasses.QALegendMessagePage.clickOnSentItems(QALegendMessagePage.java:92)
at pageClasses.QALegendMessagePage.clickOnSentItems(QALegendMessagePage.java:92)
at pageClasses.QALegendMessagePage.clickOnSentItems(QALegendMessagePage.java:92)
at pageClasses.QALegendMessagePage.clickOnSentItems(QALegendMessagePage.java:92)
at pageClasses.QALegendMessagePage.clickOnSentItems(QALegendMessagePage.java:92)
at pageClasses.QALegendMessagePage.clickOnSentItems(QALegendMessagePage.java:92)
at pageClasses.QALegendMessagePage.clickOnSentItems(QALegendMessagePage.java:92)
at pageClasses.QALegendMessagePage.clickOnSentItems(QALegendMessagePage.java:92)
at pageClasses.QALegendMessagePage.clickOnSentItems(QALegendMessagePage.java:92)
at pageClasses.QALegendMessagePage.clickOnSentItems(QALegendMessagePage.java:92)
at pageClasses.QALegendMessagePage.clickOnSentItems(QALegendMessagePage.java:92)
at pageClasses.QALegendMessagePage.clickOnSentItems(QALegendMessagePage.java:92)
at pageClasses.QALegendMessagePage.clickOnSentItems(QALegendMessagePage.java:92)
at pageClasses.QALegendMessagePage.clickOnSentItems(QALegendMessagePage.java:92)
at pageClasses.QALegendMessagePage.clickOnSentItems(QALegendMessagePage.java:92)
at pageClasses.QALegendMessagePage.clickOnSentItems(QALegendMessagePage.java:92)
at pageClasses.QALegendMessagePage.clickOnSentItems(QALegendMessagePage.java:92)
at pageClasses.QALegendMessagePage.clickOnSentItems(QALegendMessagePage.java:92)
at pageClasses.QALegendMessagePage.clickOnSentItems(QALegendMessagePage.java:92)
at pageClasses.QALegendMessagePage.clickOnSentItems(QALegendMessagePage.java:92)
at pageClasses.QALegendMessagePage.clickOnSentItems(QALegendMessagePage.java:92)
at pageClasses.QALegendMessagePage.clickOnSentItems(QALegendMessagePage.java:92)
at pageClasses.QALegendMessagePage.clickOnSentItems(QALegendMessagePage.java:92)
at pageClasses.QALegendMessagePage.clickOnSentItems(QALegendMessagePage.java:92)
at pageClasses.QALegendMessagePage.clickOnSentItems(QALegendMessagePage.java:92)
at pageClasses.QALegendMessagePage.clickOnSentItems(QALegendMessagePage.java:92)
at pageClasses.QALegendMessagePage.clickOnSentItems(QALegendMessagePage.java:92)
at pageClasses.QALegendMessagePage.clickOnSentItems(QALegendMessagePage.java:92)
at pageClasses.QALegendMessagePage.clickOnSentItems(QALegendMessagePage.java:92)
at pageClasses.QALegendMessagePage.clickOnSentItems(QALegendMessagePage.java:92)
at pageClasses.QALegendMessagePage.clickOnSentItems(QALegendMessagePage.java:92)
at pageClasses.QALegendMessagePage.clickOnSentItems(QALegendMessagePage.java:92)
at pageClasses.QALegendMessagePage.clickOnSentItems(QALegendMessagePage.java:92)
at pageClasses.QALegendMessagePage.clickOnSentItems(QALegendMessagePage.java:92)
at pageClasses.QALegendMessagePage.clickOnSentItems(QALegendMessagePage.java:92)
at pageClasses.QALegendMessagePage.clickOnSentItems(QALegendMessagePage.java:92)
at pageClasses.QALegendMessagePage.clickOnSentItems(QALegendMessagePage.java:92)
at pageClasses.QALegendMessagePage.clickOnSentItems(QALegendMessagePage.java:92)
at pageClasses.QALegendMessagePage.clickOnSentItems(QALegendMessagePage.java:92)
at pageClasses.QALegendMessagePage.clickOnSentItems(QALegendMessagePage.java:92)
at pageClasses.QALegendMessagePage.clickOnSentItems(QALegendMessagePage.java:92)
at pageClasses.QALegendMessagePage.clickOnSentItems(QALegendMessagePage.java:92)
at pageClasses.QALegendMessagePage.clickOnSentItems(QALegendMessagePage.java:92)
at pageClasses.QALegendMessagePage.clickOnSentItems(QALegendMessagePage.java:92)
at pageClasses.QALegendMessagePage.clickOnSentItems(QALegendMessagePage.java:92)
at pageClasses.QALegendMessagePage.clickOnSentItems(QALegendMessagePage.java:92)
at pageClasses.QALegendMessagePage.clickOnSentItems(QALegendMessagePage.java:92)
at pageClasses.QALegendMessagePage.clickOnSentItems(QALegendMessagePage.java:92)
at pageClasses.QALegendMessagePage.clickOnSentItems(QALegendMessagePage.java:92)
at pageClasses.QALegendMessagePage.clickOnSentItems(QALegendMessagePage.java:92)
at pageClasses.QALegendMessagePage.clickOnSentItems(QALegendMessagePage.java:92)
at pageClasses.QALegendMessagePage.clickOnSentItems(QALegendMessagePage.java:92)
at pageClasses.QALegendMessagePage.clickOnSentItems(QALegendMessagePage.java:92)
at pageClasses.QALegendMessagePage.clickOnSentItems(QALegendMessagePage.java:92)
at pageClasses.QALegendMessagePage.clickOnSentItems(QALegendMessagePage.java:92)
at pageClasses.QALegendMessagePage.clickOnSentItems(QALegendMessagePage.java:92)
at pageClasses.QALegendMessagePage.clickOnSentItems(QALegendMessagePage.java:92)
at pageClasses.QALegendMessagePage.clickOnSentItems(QALegendMessagePage.java:92)
at pageClasses.QALegendMessagePage.clickOnSentItems(QALegendMessagePage.java:92)
at pageClasses.QALegendMessagePage.clickOnSentItems(QALegendMessagePage.java:92)
at pageClasses.QALegendMessagePage.clickOnSentItems(QALegendMessagePage.java:92)
at pageClasses.QALegendMessagePage.clickOnSentItems(QALegendMessagePage.java:92)
at pageClasses.QALegendMessagePage.clickOnSentItems(QALegendMessagePage.java:92)
at pageClasses.QALegendMessagePage.clickOnSentItems(QALegendMessagePage.java:92)
at pageClasses.QALegendMessagePage.clickOnSentItems(QALegendMessagePage.java:92)
at pageClasses.QALegendMessagePage.clickOnSentItems(QALegendMessagePage.java:92)
at pageClasses.QALegendMessagePage.clickOnSentItems(QALegendMessagePage.java:92)
at pageClasses.QALegendMessagePage.clickOnSentItems(QALegendMessagePage.java:92)
at pageClasses.QALegendMessagePage.clickOnSentItems(QALegendMessagePage.java:92)
at pageClasses.QALegendMessagePage.clickOnSentItems(QALegendMessagePage.java:92)
at pageClasses.QALegendMessagePage.clickOnSentItems(QALegendMessagePage.java:92)
at pageClasses.QALegendMessagePage.clickOnSentItems(QALegendMessagePage.java:92)
at pageClasses.QALegendMessagePage.clickOnSentItems(QALegendMessagePage.java:92)
at pageClasses.QALegendMessagePage.clickOnSentItems(QALegendMessagePage.java:92)
at pageClasses.QALegendMessagePage.clickOnSentItems(QALegendMessagePage.java:92)
at pageClasses.QALegendMessagePage.clickOnSentItems(QALegendMessagePage.java:92)
at pageClasses.QALegendMessagePage.clickOnSentItems(QALegendMessagePage.java:92)
at pageClasses.QALegendMessagePage.clickOnSentItems(QALegendMessagePage.java:92)
at pageClasses.QALegendMessagePage.clickOnSentItems(QALegendMessagePage.java:92)
at pageClasses.QALegendMessagePage.clickOnSentItems(QALegendMessagePage.java:92)
at pageClasses.QALegendMessagePage.clickOnSentItems(QALegendMessagePage.java:92)
at pageClasses.QALegendMessagePage.clickOnSentItems(QALegendMessagePage.java:92)
at pageClasses.QALegendMessagePage.clickOnSentItems(QALegendMessagePage.java:92)
at pageClasses.QALegendMessagePage.clickOnSentItems(QALegendMessagePage.java:92)
at pageClasses.QALegendMessagePage.clickOnSentItems(QALegendMessagePage.java:92)
at pageClasses.QALegendMessagePage.clickOnSentItems(QALegendMessagePage.java:92)
at pageClasses.QALegendMessagePage.clickOnSentItems(QALegendMessagePage.java:92)
at pageClasses.QALegendMessagePage.clickOnSentItems(QALegendMessagePage.java:92)
at pageClasses.QALegendMessagePage.clickOnSentItems(QALegendMessagePage.java:92)
at pageClasses.QALegendMessagePage.clickOnSentItems(QALegendMessagePage.java:92)
at pageClasses.QALegendMessagePage.clickOnSentItems(QALegendMessagePage.java:92)
at pageClasses.QALegendMessagePage.clickOnSentItems(QALegendMessagePage.java:92)
at pageClasses.QALegendMessagePage.clickOnSentItems(QALegendMessagePage.java:92)
at pageClasses.QALegendMessagePage.clickOnSentItems(QALegendMessagePage.java:92)
at pageClasses.QALegendMessagePage.clickOnSentItems(QALegendMessagePage.java:92)
at pageClasses.QALegendMessagePage.clickOnSentItems(QALegendMessagePage.java:92)
at pageClasses.QALegendMessagePage.clickOnSentItems(QALegendMessagePage.java:92)
at pageClasses.QALegendMessagePage.clickOnSentItems(QALegendMessagePage.java:92)
at pageClasses.QALegendMessagePage.clickOnSentItems(QALegendMessagePage.java:92)
at pageClasses.QALegendMessagePage.clickOnSentItems(QALegendMessagePage.java:92)
at pageClasses.QALegendMessagePage.clickOnSentItems(QALegendMessagePage.java:92)
at pageClasses.QALegendMessagePage.clickOnSentItems(QALegendMessagePage.java:92)
at pageClasses.QALegendMessagePage.clickOnSentItems(QALegendMessagePage.java:92)
at pageClasses.QALegendMessagePage.clickOnSentItems(QALegendMessagePage.java:92)
at pageClasses.QALegendMessagePage.clickOnSentItems(QALegendMessagePage.java:92)
at pageClasses.QALegendMessagePage.clickOnSentItems(QALegendMessagePage.java:92)
at pageClasses.QALegendMessagePage.clickOnSentItems(QALegendMessagePage.java:92)
at pageClasses.QALegendMessagePage.clickOnSentItems(QALegendMessagePage.java:92)
at pageClasses.QALegendMessagePage.clickOnSentItems(QALegendMessagePage.java:92)
at pageClasses.QALegendMessagePage.clickOnSentItems(QALegendMessagePage.java:92)
at pageClasses.QALegendMessagePage.clickOnSentItems(QALegendMessagePage.java:92)
at pageClasses.QALegendMessagePage.clickOnSentItems(QALegendMessagePage.java:92)
at pageClasses.QALegendMessagePage.clickOnSentItems(QALegendMessagePage.java:92)
at pageClasses.QALegendMessagePage.clickOnSentItems(QALegendMessagePage.java:92)
at pageClasses.QALegendMessagePage.clickOnSentItems(QALegendMessagePage.java:92)
at pageClasses.QALegendMessagePage.clickOnSentItems(QALegendMessagePage.java:92)
at pageClasses.QALegendMessagePage.clickOnSentItems(QALegendMessagePage.java:92)
at pageClasses.QALegendMessagePage.clickOnSentItems(QALegendMessagePage.java:92)
at pageClasses.QALegendMessagePage.clickOnSentItems(QALegendMessagePage.java:92)
at pageClasses.QALegendMessagePage.clickOnSentItems(QALegendMessagePage.java:92)
at pageClasses.QALegendMessagePage.clickOnSentItems(QALegendMessagePage.java:92)
at pageClasses.QALegendMessagePage.clickOnSentItems(QALegendMessagePage.java:92)
at pageClasses.QALegendMessagePage.clickOnSentItems(QALegendMessagePage.java:92)
]]>
    </error>
  </testcase> <!-- messageInCRM -->
</testsuite> <!-- testCases.QALegendTestCases -->
