<?xml version="1.0" encoding="UTF-8"?>
<!-- Generated by org.testng.reporters.JUnitReportReporter -->
<testsuite hostname="LAPTOP-NO0KCPB3" failures="0" tests="1" name="testCases.QALegendTestCases" time="14.480" errors="0" timestamp="2024-02-10T15:19:56 IST" skipped="0">
  <testcase classname="testCases.QALegendTestCases" name="loginCRM" time="14.480"/>
  <system-out/>
</testsuite> <!-- testCases.QALegendTestCases -->
